F:\(4 сем)компьютерная графика\KGLAB3\DEBUG\KGLAB3.ILK
F:\(4 сем)компьютерная графика\KGLAB3\DEBUG\KGLAB3.EXE
F:\(4 СЕМ)КОМПЬЮТЕРНАЯ ГРАФИКА\KGLAB3\DEBUG\KGLAB3.PDB
F:\(4 сем)компьютерная графика\KGLAB3\KGLAB3\DEBUG\TICKER.OBJ
F:\(4 сем)компьютерная графика\KGLAB3\KGLAB3\DEBUG\SELECT.OBJ
F:\(4 сем)компьютерная графика\KGLAB3\KGLAB3\DEBUG\PAINT.OBJ
F:\(4 сем)компьютерная графика\KGLAB3\KGLAB3\DEBUG\MYFORM.OBJ
F:\(4 сем)компьютерная графика\KGLAB3\KGLAB3\DEBUG\MAIN.OBJ
F:\(4 сем)компьютерная графика\KGLAB3\KGLAB3\DEBUG\ALGORITHMS.OBJ
F:\(4 СЕМ)КОМПЬЮТЕРНАЯ ГРАФИКА\KGLAB3\KGLAB3\DEBUG\VC110.PDB
F:\(4 сем)компьютерная графика\KGLAB3\KGLAB3\DEBUG\.NETFRAMEWORK,VERSION=V4.5.ASSEMBLYATTRIBUTES.OBJ
䙞尺㐨턠킁킵⦼뫐뻐볐뿐賑軑苑뗐胑뷐냐近퀠톳킀톰킄킸킺岰䝋慬㍢䭜汇扡尳䝋慬㍢瘮硣牰橯਍㩆⡜‴臑뗐볐퀩킺킾킼톿톌톎킂통킀킽톰₏돐胑냐蓑룐뫐냐䭜汇扡尳䝋慬㍢䑜扥杵䭜汇扡⸳祍潆浲爮獥畯捲獥਍䙞尺㐨턠킁킵⦼뫐뻐볐뿐賑軑苑뗐胑뷐냐近퀠톳킀톰킄킸킺岰䝋慬㍢䭜汇扡尳䝋慬㍢瘮硣牰橯਍㩆⡜‴臑뗐볐퀩킺킾킼톿톌톎킂통킀킽톰₏돐胑냐蓑룐뫐냐䭜汇扡尳䝋慬㍢䑜扥杵䭜汇扡⸳祍潆浲爮獥畯捲獥਍䙞尺㐨턠킁킵⦼뫐뻐볐뿐賑軑苑뗐胑뷐냐近퀠톳킀톰킄킸킺岰䝋慬㍢䭜汇扡尳䝋慬㍢瘮硣牰橯਍㩆⡜‴臑뗐볐퀩킺킾킼톿톌톎킂통킀킽톰₏돐胑냐蓑룐뫐냐䭜汇扡尳䝋慬㍢䑜扥杵䭜汇扡⸳祍潆浲爮獥畯捲獥਍䙞尺㐨턠킁킵⦼뫐뻐볐뿐賑軑苑뗐胑뷐냐近퀠톳킀톰킄킸킺岰䝋慬㍢䭜汇扡尳䝋慬㍢瘮硣牰橯਍㩆⡜‴臑뗐볐퀩킺킾킼톿톌톎킂통킀킽톰₏돐胑냐蓑룐뫐냐䭜汇扡尳䝋慬㍢䑜扥杵䭜汇扡⸳祍潆浲爮獥畯捲獥਍䙞尺㐨턠킁킵⦼뫐뻐볐뿐賑軑苑뗐胑뷐냐近퀠톳킀톰킄킸킺岰䝋慬㍢䭜汇扡尳䝋慬㍢瘮硣牰橯਍㩆⡜‴臑뗐볐퀩킺킾킼톿톌톎킂통킀킽톰₏돐胑냐蓑룐뫐냐䭜汇扡尳䝋慬㍢䑜扥杵䭜汇扡⸳祍潆浲爮獥畯捲獥਍䙞尺㐨턠킁킵⦼뫐뻐볐뿐賑軑苑뗐胑뷐냐近퀠톳킀톰킄킸킺岰䝋慬㍢䭜汇扡尳䝋慬㍢瘮硣牰橯਍㩆⡜‴臑뗐볐퀩킺킾킼톿톌톎킂통킀킽톰₏돐胑냐蓑룐뫐냐䭜汇扡尳䝋慬㍢䑜扥杵䭜汇扡⸳祍潆浲爮獥畯捲獥਍䙞尺㐨턠킁킵⦼뫐뻐볐뿐賑軑苑뗐胑뷐냐近퀠톳킀톰킄킸킺岰䝋慬㍢䭜汇扡尳䝋慬㍢瘮硣牰橯਍㩆⡜‴臑뗐볐퀩킺킾킼톿톌톎킂통킀킽톰₏돐胑냐蓑룐뫐냐䭜汇扡尳䝋慬㍢䑜扥杵䭜汇扡⸳祍潆浲爮獥畯捲獥਍䙞尺㐨턠킁킵⦼뫐뻐볐뿐賑軑苑뗐胑뷐냐近퀠톳킀톰킄킸킺岰䝋慬㍢䭜汇扡尳䝋慬㍢瘮硣牰橯਍㩆⡜‴臑뗐볐퀩킺킾킼톿톌톎킂통킀킽톰₏돐胑냐蓑룐뫐냐䭜汇扡尳䝋慬㍢䑜扥杵䭜汇扡⸳祍潆浲爮獥畯捲獥਍䙞尺㐨턠킁킵⦼뫐뻐볐뿐賑軑苑뗐胑뷐냐近퀠톳킀톰킄킸킺岰䝋慬㍢䭜汇扡尳䝋慬㍢瘮硣牰橯਍㩆⡜‴臑뗐볐퀩킺킾킼톿톌톎킂통킀킽톰₏돐胑냐蓑룐뫐냐䭜汇扡尳䝋慬㍢䑜扥杵䭜汇扡⸳祍潆浲爮獥畯捲獥਍䙞尺㐨턠킁킵⦼뫐뻐볐뿐賑軑苑뗐胑뷐냐近퀠톳킀톰킄킸킺岰䝋慬㍢䭜汇扡尳䝋慬㍢瘮硣牰橯਍㩆⡜‴臑뗐볐퀩킺킾킼톿톌톎킂통킀킽톰₏돐胑냐蓑룐뫐냐䭜汇扡尳䝋慬㍢䑜扥杵䭜汇扡⸳祍潆浲爮獥畯捲獥਍䙞尺㐨턠킁킵⦼뫐뻐볐뿐賑軑苑뗐胑뷐냐近퀠톳킀톰킄킸킺岰䝋慬㍢䭜汇扡尳䝋慬㍢瘮硣牰橯਍㩆⡜‴臑뗐볐퀩킺킾킼톿톌톎킂통킀킽톰₏돐胑냐蓑룐뫐냐䭜汇扡尳䝋慬㍢䑜扥杵䭜汇扡⸳祍潆浲爮獥畯捲獥਍䙞尺㐨턠킁킵⦼뫐뻐볐뿐賑軑苑뗐胑뷐냐近퀠톳킀톰킄킸킺岰䝋慬㍢䭜汇扡尳䝋慬㍢瘮硣牰橯਍㩆⡜‴臑뗐볐퀩킺킾킼톿톌톎킂통킀킽톰₏돐胑냐蓑룐뫐냐䭜汇扡尳䝋慬㍢䑜扥杵䭜汇扡⸳祍潆浲爮獥畯捲獥਍䙞尺㐨턠킁킵⦼뫐뻐볐뿐賑軑苑뗐胑뷐냐近퀠톳킀톰킄킸킺岰䝋慬㍢䭜汇扡尳䝋慬㍢瘮硣牰橯਍㩆⡜‴臑뗐볐퀩킺킾킼톿톌톎킂통킀킽톰₏돐胑냐蓑룐뫐냐䭜汇扡尳䝋慬㍢䑜扥杵䭜汇扡⸳祍潆浲爮獥畯捲獥਍䙞尺㐨턠킁킵⦼뫐뻐볐뿐賑軑苑뗐胑뷐냐近퀠톳킀톰킄킸킺岰䝋慬㍢䭜汇扡尳䝋慬㍢瘮硣牰橯਍㩆⡜‴臑뗐볐퀩킺킾킼톿톌톎킂통킀킽톰₏돐胑냐蓑룐뫐냐䭜汇扡尳䝋慬㍢䑜扥杵䭜汇扡⸳祍潆浲爮獥畯捲獥਍䙞尺㐨턠킁킵⦼뫐뻐볐뿐賑軑苑뗐胑뷐냐近퀠톳킀톰킄킸킺岰䝋慬㍢䭜汇扡尳䝋慬㍢瘮硣牰橯਍㩆⡜‴臑뗐볐퀩킺킾킼톿톌톎킂통킀킽톰₏돐胑냐蓑룐뫐냐䭜汇扡尳䝋慬㍢䑜扥杵䭜汇扡⸳祍潆浲爮獥畯捲獥਍䙞尺㐨턠킁킵⦼뫐뻐볐뿐賑軑苑뗐胑뷐냐近퀠톳킀톰킄킸킺岰䝋慬㍢䭜汇扡尳䝋慬㍢瘮硣牰橯਍㩆⡜‴臑뗐볐퀩킺킾킼톿톌톎킂통킀킽톰₏돐胑냐蓑룐뫐냐䭜汇扡尳䝋慬㍢䑜扥杵䭜汇扡⸳祍潆浲爮獥畯捲獥਍䙞尺㐨턠킁킵⦼뫐뻐볐뿐賑軑苑뗐胑뷐냐近퀠톳킀톰킄킸킺岰䝋慬㍢䭜汇扡尳䝋慬㍢瘮硣牰橯਍㩆⡜‴臑뗐볐퀩킺킾킼톿톌톎킂통킀킽톰₏돐胑냐蓑룐뫐냐䭜汇扡尳䝋慬㍢䑜扥杵䭜汇扡⸳祍潆浲爮獥畯捲獥਍䙞尺㐨턠킁킵⦼뫐뻐볐뿐賑軑苑뗐胑뷐냐近퀠톳킀톰킄킸킺岰䝋慬㍢䭜汇扡尳䝋慬㍢瘮硣牰橯਍㩆⡜‴臑뗐볐퀩킺킾킼톿톌톎킂통킀킽톰₏돐胑냐蓑룐뫐냐䭜汇扡尳䝋慬㍢䑜扥杵䭜汇扡⸳祍潆浲爮獥畯捲獥਍䙞尺㐨턠킁킵⦼뫐뻐볐뿐賑軑苑뗐胑뷐냐近퀠톳킀톰킄킸킺岰䝋慬㍢䭜汇扡尳䝋慬㍢瘮硣牰橯਍㩆⡜‴臑뗐볐퀩킺킾킼톿톌톎킂통킀킽톰₏돐胑냐蓑룐뫐냐䭜汇扡尳䝋慬㍢䑜扥杵䭜汇扡⸳祍潆浲爮獥畯捲獥਍䙞尺㐨턠킁킵⦼뫐뻐볐뿐賑軑苑뗐胑뷐냐近퀠톳킀톰킄킸킺岰䝋慬㍢䭜汇扡尳䝋慬㍢瘮硣牰橯਍㩆⡜‴臑뗐볐퀩킺킾킼톿톌톎킂통킀킽톰₏돐胑냐蓑룐뫐냐䭜汇扡尳䝋慬㍢䑜扥杵䭜汇扡⸳祍潆浲爮獥畯捲獥਍䙞尺㐨턠킁킵⦼뫐뻐볐뿐賑軑苑뗐胑뷐냐近퀠톳킀톰킄킸킺岰䝋慬㍢䭜汇扡尳䝋慬㍢瘮硣牰橯਍㩆⡜‴臑뗐볐퀩킺킾킼톿톌톎킂통킀킽톰₏돐胑냐蓑룐뫐냐䭜汇扡尳䝋慬㍢䑜扥杵䭜汇扡⸳祍潆浲爮獥畯捲獥਍䙞尺㐨턠킁킵⦼뫐뻐볐뿐賑軑苑뗐胑뷐냐近퀠톳킀톰킄킸킺岰䝋慬㍢䭜汇扡尳䝋慬㍢瘮硣牰橯਍㩆⡜‴臑뗐볐퀩킺킾킼톿톌톎킂통킀킽톰₏돐胑냐蓑룐뫐냐䭜汇扡尳䝋慬㍢䑜扥杵䭜汇扡⸳祍潆浲爮獥畯捲獥਍䙞尺㐨턠킁킵⦼뫐뻐볐뿐賑軑苑뗐胑뷐냐近퀠톳킀톰킄킸킺岰䝋慬㍢䭜汇扡尳䝋慬㍢瘮硣牰橯਍㩆⡜‴臑뗐볐퀩킺킾킼톿톌톎킂통킀킽톰₏돐胑냐蓑룐뫐냐䭜汇扡尳䝋慬㍢䑜扥杵䭜汇扡⸳祍潆浲爮獥畯捲獥਍䙞尺㐨턠킁킵⦼뫐뻐볐뿐賑軑苑뗐胑뷐냐近퀠톳킀톰킄킸킺岰䝋慬㍢䭜汇扡尳䝋慬㍢瘮硣牰橯਍㩆⡜‴臑뗐볐퀩킺킾킼톿톌톎킂통킀킽톰₏돐胑냐蓑룐뫐냐䭜汇扡尳䝋慬㍢䑜扥杵䭜汇扡⸳祍潆浲爮獥畯捲獥਍䙞尺㐨턠킁킵⦼뫐뻐볐뿐賑軑苑뗐胑뷐냐近퀠톳킀톰킄킸킺岰䝋慬㍢䭜汇扡尳䝋慬㍢瘮硣牰橯਍㩆⡜‴臑뗐볐퀩킺킾킼톿톌톎킂통킀킽톰₏돐胑냐蓑룐뫐냐䭜汇扡尳䝋慬㍢䑜扥杵䭜汇扡⸳祍潆浲爮獥畯捲獥਍䙞尺㐨턠킁킵⦼뫐뻐볐뿐賑軑苑뗐胑뷐냐近퀠톳킀톰킄킸킺岰䝋慬㍢䭜汇扡尳䝋慬㍢瘮硣牰橯਍㩆⡜‴臑뗐볐퀩킺킾킼톿톌톎킂통킀킽톰₏돐胑냐蓑룐뫐냐䭜汇扡尳䝋慬㍢䑜扥杵䭜汇扡⸳祍潆浲爮獥畯捲獥਍䙞尺㐨턠킁킵⦼뫐뻐볐뿐賑軑苑뗐胑뷐냐近퀠톳킀톰킄킸킺岰䝋慬㍢䭜汇扡尳䝋慬㍢瘮硣牰橯਍㩆⡜‴臑뗐볐퀩킺킾킼톿톌톎킂통킀킽톰₏돐胑냐蓑룐뫐냐䭜汇扡尳䝋慬㍢䑜扥杵䭜汇扡⸳祍潆浲爮獥畯捲獥਍䙞尺㐨턠킁킵⦼뫐뻐볐뿐賑軑苑뗐胑뷐냐近퀠톳킀톰킄킸킺岰䝋慬㍢䭜汇扡尳䝋慬㍢瘮硣牰橯਍㩆⡜‴臑뗐볐퀩킺킾킼톿톌톎킂통킀킽톰₏돐胑냐蓑룐뫐냐䭜汇扡尳䝋慬㍢䑜扥杵䭜汇扡⸳祍潆浲爮獥畯捲獥਍䙞尺㐨턠킁킵⦼뫐뻐볐뿐賑軑苑뗐胑뷐냐近퀠톳킀톰킄킸킺岰䝋慬㍢䭜汇扡尳䝋慬㍢瘮硣牰橯਍㩆⡜‴臑뗐볐퀩킺킾킼톿톌톎킂통킀킽톰₏돐胑냐蓑룐뫐냐䭜汇扡尳䝋慬㍢䑜扥杵䭜汇扡⸳祍潆浲爮獥畯捲獥਍䙞尺㐨턠킁킵⦼뫐뻐볐뿐賑軑苑뗐胑뷐냐近퀠톳킀톰킄킸킺岰䝋慬㍢䭜汇扡尳䝋慬㍢瘮硣牰橯਍㩆⡜‴臑뗐볐퀩킺킾킼톿톌톎킂통킀킽톰₏돐胑냐蓑룐뫐냐䭜汇扡尳䝋慬㍢䑜扥杵䭜汇扡⸳祍潆浲爮獥畯捲獥਍䙞尺㐨턠킁킵⦼뫐뻐볐뿐賑軑苑뗐胑뷐냐近퀠톳킀톰킄킸킺岰䝋慬㍢䭜汇扡尳䝋慬㍢瘮硣牰橯਍㩆⡜‴臑뗐볐퀩킺킾킼톿톌톎킂통킀킽톰₏돐胑냐蓑룐뫐냐䭜汇扡尳䝋慬㍢䑜扥杵䭜汇扡⸳祍潆浲爮獥畯捲獥਍䙞尺㐨턠킁킵⦼뫐뻐볐뿐賑軑苑뗐胑뷐냐近퀠톳킀톰킄킸킺岰䝋慬㍢䭜汇扡尳䝋慬㍢瘮硣牰橯਍㩆⡜‴臑뗐볐퀩킺킾킼톿톌톎킂통킀킽톰₏돐胑냐蓑룐뫐냐䭜汇扡尳䝋慬㍢䑜扥杵䭜汇扡⸳祍潆浲爮獥畯捲獥਍䙞尺㐨턠킁킵⦼뫐뻐볐뿐賑軑苑뗐胑뷐냐近퀠톳킀톰킄킸킺岰䝋慬㍢䭜汇扡尳䝋慬㍢瘮硣牰橯਍㩆⡜‴臑뗐볐퀩킺킾킼톿톌톎킂통킀킽톰₏돐胑냐蓑룐뫐냐䭜汇扡尳䝋慬㍢䑜扥杵䭜汇扡⸳祍潆浲爮獥畯捲獥਍䙞尺㐨턠킁킵⦼뫐뻐볐뿐賑軑苑뗐胑뷐냐近퀠톳킀톰킄킸킺岰䝋慬㍢䭜汇扡尳䝋慬㍢瘮硣牰橯਍㩆⡜‴臑뗐볐퀩킺킾킼톿톌톎킂통킀킽톰₏돐胑냐蓑룐뫐냐䭜汇扡尳䝋慬㍢䑜扥杵䭜汇扡⸳祍潆浲爮獥畯捲獥਍䙞尺㐨턠킁킵⦼뫐뻐볐뿐賑軑苑뗐胑뷐냐近퀠톳킀톰킄킸킺岰䝋慬㍢䭜汇扡尳䝋慬㍢瘮硣牰橯਍㩆⡜‴臑뗐볐퀩킺킾킼톿톌톎킂통킀킽톰₏돐胑냐蓑룐뫐냐䭜汇扡尳䝋慬㍢䑜扥杵䭜汇扡⸳祍潆浲爮獥畯捲獥਍䙞尺㐨턠킁킵⦼뫐뻐볐뿐賑軑苑뗐胑뷐냐近퀠톳킀톰킄킸킺岰䝋慬㍢䭜汇扡尳䝋慬㍢瘮硣牰橯਍㩆⡜‴臑뗐볐퀩킺킾킼톿톌톎킂통킀킽톰₏돐胑냐蓑룐뫐냐䭜汇扡尳䝋慬㍢䑜扥杵䭜汇扡⸳祍潆浲爮獥畯捲獥਍䙞尺㐨턠킁킵⦼뫐뻐볐뿐賑軑苑뗐胑뷐냐近퀠톳킀톰킄킸킺岰䝋慬㍢䭜汇扡尳䝋慬㍢瘮硣牰橯਍㩆⡜‴臑뗐볐퀩킺킾킼톿톌톎킂통킀킽톰₏돐胑냐蓑룐뫐냐䭜汇扡尳䝋慬㍢䑜扥杵䭜汇扡⸳祍潆浲爮獥畯捲獥਍䙞尺㐨턠킁킵⦼뫐뻐볐뿐賑軑苑뗐胑뷐냐近퀠톳킀톰킄킸킺岰䝋慬㍢䭜汇扡尳䝋慬㍢瘮硣牰橯਍㩆⡜‴臑뗐볐퀩킺킾킼톿톌톎킂통킀킽톰₏돐胑냐蓑룐뫐냐䭜汇扡尳䝋慬㍢䑜扥杵䭜汇扡⸳祍潆浲爮獥畯捲獥਍
F:\(4 сем)компьютерная графика\KGlab3\KGlab3\Debug\KGlab3.vcxprojResolveAssemblyReference.cache
F:\(4 сем)компьютерная графика\KGlab3\KGlab3\Debug\KGlab3.vcxproj.GenerateResource.Cache
F:\(4 сем)компьютерная графика\KGlab3\KGlab3\Debug\.NETFramework,Version=v4.5.AssemblyAttributes.obj
F:\(4 сем)компьютерная графика\KGlab3\KGlab3\Debug\algorithms.obj
F:\(4 сем)компьютерная графика\KGlab3\KGlab3\Debug\main.obj
F:\(4 сем)компьютерная графика\KGlab3\KGlab3\Debug\MyForm.obj
F:\(4 сем)компьютерная графика\KGlab3\KGlab3\Debug\paint.obj
F:\(4 сем)компьютерная графика\KGlab3\KGlab3\Debug\select.obj
F:\(4 сем)компьютерная графика\KGlab3\KGlab3\Debug\ticker.obj
F:\(4 сем)компьютерная графика\KGlab3\KGlab3\Debug\KGlab3.MyForm.resources
F:\(4 сем)компьютерная графика\KGlab3\KGlab3\Debug\cl.command.1.tlog
F:\(4 сем)компьютерная графика\KGlab3\KGlab3\Debug\link.4944-cvtres.write.1.tlog
F:\(4 сем)компьютерная графика\KGlab3\KGlab3\Debug\link.9056.read.1.tlog
F:\(4 сем)компьютерная графика\KGlab3\KGlab3\Debug\link.4944.read.1.tlog
F:\(4 сем)компьютерная графика\KGlab3\KGlab3\Debug\link.4944.write.1.tlog
F:\(4 сем)компьютерная графика\KGlab3\KGlab3\Debug\link.1208-cvtres.read.1.tlog
F:\(4 сем)компьютерная графика\KGlab3\KGlab3\Debug\link.1208-cvtres.write.1.tlog
F:\(4 сем)компьютерная графика\KGlab3\KGlab3\Debug\link.1208-rc.read.1.tlog
F:\(4 сем)компьютерная графика\KGlab3\KGlab3\Debug\link.1208-rc.write.1.tlog
F:\(4 сем)компьютерная графика\KGlab3\KGlab3\Debug\link.1208.read.1.tlog
F:\(4 сем)компьютерная графика\KGlab3\KGlab3\Debug\link.1208.write.1.tlog
F:\(4 сем)компьютерная графика\KGlab3\KGlab3\Debug\link.1260-cvtres.read.1.tlog
F:\(4 сем)компьютерная графика\KGlab3\KGlab3\Debug\link.1260-cvtres.write.1.tlog
F:\(4 сем)компьютерная графика\KGlab3\KGlab3\Debug\link.1260-rc.read.1.tlog
F:\(4 сем)компьютерная графика\KGlab3\KGlab3\Debug\link.1260-rc.write.1.tlog
F:\(4 сем)компьютерная графика\KGlab3\KGlab3\Debug\link.1260.read.1.tlog
F:\(4 сем)компьютерная графика\KGlab3\KGlab3\Debug\link.1260.write.1.tlog
F:\(4 сем)компьютерная графика\KGlab3\KGlab3\Debug\link.1276-cvtres.read.1.tlog
F:\(4 сем)компьютерная графика\KGlab3\KGlab3\Debug\link.1276-cvtres.write.1.tlog
F:\(4 сем)компьютерная графика\KGlab3\KGlab3\Debug\link.1276-rc.read.1.tlog
F:\(4 сем)компьютерная графика\KGlab3\KGlab3\Debug\link.1276-rc.write.1.tlog
F:\(4 сем)компьютерная графика\KGlab3\KGlab3\Debug\link.1276.read.1.tlog
F:\(4 сем)компьютерная графика\KGlab3\KGlab3\Debug\link.1276.write.1.tlog
F:\(4 сем)компьютерная графика\KGlab3\KGlab3\Debug\link.1352-cvtres.read.1.tlog
F:\(4 сем)компьютерная графика\KGlab3\KGlab3\Debug\link.1352-cvtres.write.1.tlog
F:\(4 сем)компьютерная графика\KGlab3\KGlab3\Debug\link.1352-rc.read.1.tlog
F:\(4 сем)компьютерная графика\KGlab3\KGlab3\Debug\link.1352-rc.write.1.tlog
F:\(4 сем)компьютерная графика\KGlab3\KGlab3\Debug\link.1352.read.1.tlog
F:\(4 сем)компьютерная графика\KGlab3\KGlab3\Debug\link.1352.write.1.tlog
F:\(4 сем)компьютерная графика\KGlab3\KGlab3\Debug\link.1540-cvtres.read.1.tlog
F:\(4 сем)компьютерная графика\KGlab3\KGlab3\Debug\link.1540-cvtres.write.1.tlog
F:\(4 сем)компьютерная графика\KGlab3\KGlab3\Debug\link.1540-rc.read.1.tlog
F:\(4 сем)компьютерная графика\KGlab3\KGlab3\Debug\link.1540-rc.write.1.tlog
F:\(4 сем)компьютерная графика\KGlab3\KGlab3\Debug\link.1540.read.1.tlog
F:\(4 сем)компьютерная графика\KGlab3\KGlab3\Debug\link.1540.write.1.tlog
F:\(4 сем)компьютерная графика\KGlab3\KGlab3\Debug\link.1880-cvtres.read.1.tlog
F:\(4 сем)компьютерная графика\KGlab3\KGlab3\Debug\link.1880-cvtres.write.1.tlog
F:\(4 сем)компьютерная графика\KGlab3\KGlab3\Debug\link.1880-rc.read.1.tlog
F:\(4 сем)компьютерная графика\KGlab3\KGlab3\Debug\link.1880-rc.write.1.tlog
F:\(4 сем)компьютерная графика\KGlab3\KGlab3\Debug\link.1880.read.1.tlog
F:\(4 сем)компьютерная графика\KGlab3\KGlab3\Debug\link.1880.write.1.tlog
F:\(4 сем)компьютерная графика\KGlab3\KGlab3\Debug\link.2144-cvtres.read.1.tlog
F:\(4 сем)компьютерная графика\KGlab3\KGlab3\Debug\link.2144-cvtres.write.1.tlog
F:\(4 сем)компьютерная графика\KGlab3\KGlab3\Debug\link.2144-rc.read.1.tlog
F:\(4 сем)компьютерная графика\KGlab3\KGlab3\Debug\link.2144-rc.write.1.tlog
F:\(4 сем)компьютерная графика\KGlab3\KGlab3\Debug\link.2144.read.1.tlog
F:\(4 сем)компьютерная графика\KGlab3\KGlab3\Debug\link.2144.write.1.tlog
F:\(4 сем)компьютерная графика\KGlab3\KGlab3\Debug\link.2864-cvtres.read.1.tlog
F:\(4 сем)компьютерная графика\KGlab3\KGlab3\Debug\link.2864-cvtres.write.1.tlog
F:\(4 сем)компьютерная графика\KGlab3\KGlab3\Debug\link.2864-rc.read.1.tlog
F:\(4 сем)компьютерная графика\KGlab3\KGlab3\Debug\link.2864-rc.write.1.tlog
F:\(4 сем)компьютерная графика\KGlab3\KGlab3\Debug\link.2864.read.1.tlog
F:\(4 сем)компьютерная графика\KGlab3\KGlab3\Debug\link.2864.write.1.tlog
F:\(4 сем)компьютерная графика\KGlab3\KGlab3\Debug\link.2872-cvtres.read.1.tlog
F:\(4 сем)компьютерная графика\KGlab3\KGlab3\Debug\link.2872-cvtres.write.1.tlog
F:\(4 сем)компьютерная графика\KGlab3\KGlab3\Debug\link.2872-rc.read.1.tlog
F:\(4 сем)компьютерная графика\KGlab3\KGlab3\Debug\link.2872-rc.write.1.tlog
F:\(4 сем)компьютерная графика\KGlab3\KGlab3\Debug\link.2872.read.1.tlog
F:\(4 сем)компьютерная графика\KGlab3\KGlab3\Debug\link.2872.write.1.tlog
F:\(4 сем)компьютерная графика\KGlab3\KGlab3\Debug\link.2952-cvtres.read.1.tlog
F:\(4 сем)компьютерная графика\KGlab3\KGlab3\Debug\link.2952-cvtres.write.1.tlog
F:\(4 сем)компьютерная графика\KGlab3\KGlab3\Debug\link.2952-rc.read.1.tlog
F:\(4 сем)компьютерная графика\KGlab3\KGlab3\Debug\link.2952-rc.write.1.tlog
F:\(4 сем)компьютерная графика\KGlab3\KGlab3\Debug\link.2952.read.1.tlog
F:\(4 сем)компьютерная графика\KGlab3\KGlab3\Debug\link.2952.write.1.tlog
F:\(4 сем)компьютерная графика\KGlab3\KGlab3\Debug\link.3152-cvtres.read.1.tlog
F:\(4 сем)компьютерная графика\KGlab3\KGlab3\Debug\link.3152-cvtres.write.1.tlog
F:\(4 сем)компьютерная графика\KGlab3\KGlab3\Debug\link.3152-rc.read.1.tlog
F:\(4 сем)компьютерная графика\KGlab3\KGlab3\Debug\link.3152-rc.write.1.tlog
F:\(4 сем)компьютерная графика\KGlab3\KGlab3\Debug\link.3152.read.1.tlog
F:\(4 сем)компьютерная графика\KGlab3\KGlab3\Debug\link.3152.write.1.tlog
F:\(4 сем)компьютерная графика\KGlab3\KGlab3\Debug\link.3172-cvtres.read.1.tlog
F:\(4 сем)компьютерная графика\KGlab3\KGlab3\Debug\link.3172-cvtres.write.1.tlog
F:\(4 сем)компьютерная графика\KGlab3\KGlab3\Debug\link.3172-rc.read.1.tlog
F:\(4 сем)компьютерная графика\KGlab3\KGlab3\Debug\link.3172-rc.write.1.tlog
F:\(4 сем)компьютерная графика\KGlab3\KGlab3\Debug\link.3172.read.1.tlog
F:\(4 сем)компьютерная графика\KGlab3\KGlab3\Debug\link.3172.write.1.tlog
F:\(4 сем)компьютерная графика\KGlab3\KGlab3\Debug\link.3176-cvtres.read.1.tlog
F:\(4 сем)компьютерная графика\KGlab3\KGlab3\Debug\link.3176-cvtres.write.1.tlog
F:\(4 сем)компьютерная графика\KGlab3\KGlab3\Debug\link.3176-rc.read.1.tlog
F:\(4 сем)компьютерная графика\KGlab3\KGlab3\Debug\link.3176-rc.write.1.tlog
F:\(4 сем)компьютерная графика\KGlab3\KGlab3\Debug\link.3176.read.1.tlog
F:\(4 сем)компьютерная графика\KGlab3\KGlab3\Debug\link.3176.write.1.tlog
F:\(4 сем)компьютерная графика\KGlab3\KGlab3\Debug\link.3412-cvtres.read.1.tlog
F:\(4 сем)компьютерная графика\KGlab3\KGlab3\Debug\link.3412-cvtres.write.1.tlog
F:\(4 сем)компьютерная графика\KGlab3\KGlab3\Debug\link.3412-rc.read.1.tlog
F:\(4 сем)компьютерная графика\KGlab3\KGlab3\Debug\link.3412-rc.write.1.tlog
F:\(4 сем)компьютерная графика\KGlab3\KGlab3\Debug\link.3412.read.1.tlog
F:\(4 сем)компьютерная графика\KGlab3\KGlab3\Debug\link.3412.write.1.tlog
F:\(4 сем)компьютерная графика\KGlab3\KGlab3\Debug\link.3504-cvtres.read.1.tlog
F:\(4 сем)компьютерная графика\KGlab3\KGlab3\Debug\link.3504-cvtres.write.1.tlog
F:\(4 сем)компьютерная графика\KGlab3\KGlab3\Debug\link.3504-rc.read.1.tlog
F:\(4 сем)компьютерная графика\KGlab3\KGlab3\Debug\link.3504-rc.write.1.tlog
F:\(4 сем)компьютерная графика\KGlab3\KGlab3\Debug\link.3504.read.1.tlog
F:\(4 сем)компьютерная графика\KGlab3\KGlab3\Debug\link.3504.write.1.tlog
F:\(4 сем)компьютерная графика\KGlab3\KGlab3\Debug\link.3620-cvtres.read.1.tlog
F:\(4 сем)компьютерная графика\KGlab3\KGlab3\Debug\link.3620-cvtres.write.1.tlog
F:\(4 сем)компьютерная графика\KGlab3\KGlab3\Debug\link.3620-rc.read.1.tlog
F:\(4 сем)компьютерная графика\KGlab3\KGlab3\Debug\link.3620-rc.write.1.tlog
F:\(4 сем)компьютерная графика\KGlab3\KGlab3\Debug\link.3620.read.1.tlog
F:\(4 сем)компьютерная графика\KGlab3\KGlab3\Debug\link.3620.write.1.tlog
F:\(4 сем)компьютерная графика\KGlab3\KGlab3\Debug\link.3724-cvtres.read.1.tlog
F:\(4 сем)компьютерная графика\KGlab3\KGlab3\Debug\link.3724-cvtres.write.1.tlog
F:\(4 сем)компьютерная графика\KGlab3\KGlab3\Debug\link.3724-rc.read.1.tlog
F:\(4 сем)компьютерная графика\KGlab3\KGlab3\Debug\link.3724-rc.write.1.tlog
F:\(4 сем)компьютерная графика\KGlab3\KGlab3\Debug\link.3724.read.1.tlog
F:\(4 сем)компьютерная графика\KGlab3\KGlab3\Debug\link.3724.write.1.tlog
F:\(4 сем)компьютерная графика\KGlab3\KGlab3\Debug\link.3924-cvtres.read.1.tlog
F:\(4 сем)компьютерная графика\KGlab3\KGlab3\Debug\link.3924-cvtres.write.1.tlog
F:\(4 сем)компьютерная графика\KGlab3\KGlab3\Debug\link.3924-rc.read.1.tlog
F:\(4 сем)компьютерная графика\KGlab3\KGlab3\Debug\link.3924-rc.write.1.tlog
F:\(4 сем)компьютерная графика\KGlab3\KGlab3\Debug\link.3924.read.1.tlog
F:\(4 сем)компьютерная графика\KGlab3\KGlab3\Debug\link.3924.write.1.tlog
F:\(4 сем)компьютерная графика\KGlab3\KGlab3\Debug\link.4216-cvtres.read.1.tlog
F:\(4 сем)компьютерная графика\KGlab3\KGlab3\Debug\link.4216-cvtres.write.1.tlog
F:\(4 сем)компьютерная графика\KGlab3\KGlab3\Debug\link.4216-rc.read.1.tlog
F:\(4 сем)компьютерная графика\KGlab3\KGlab3\Debug\link.4216-rc.write.1.tlog
F:\(4 сем)компьютерная графика\KGlab3\KGlab3\Debug\link.4216.read.1.tlog
F:\(4 сем)компьютерная графика\KGlab3\KGlab3\Debug\link.4216.write.1.tlog
F:\(4 сем)компьютерная графика\KGlab3\KGlab3\Debug\link.4496-cvtres.read.1.tlog
F:\(4 сем)компьютерная графика\KGlab3\KGlab3\Debug\link.4496-cvtres.write.1.tlog
F:\(4 сем)компьютерная графика\KGlab3\KGlab3\Debug\link.4496-rc.read.1.tlog
F:\(4 сем)компьютерная графика\KGlab3\KGlab3\Debug\link.4496-rc.write.1.tlog
F:\(4 сем)компьютерная графика\KGlab3\KGlab3\Debug\link.4496.read.1.tlog
F:\(4 сем)компьютерная графика\KGlab3\KGlab3\Debug\link.4496.write.1.tlog
F:\(4 сем)компьютерная графика\KGlab3\KGlab3\Debug\link.4600-cvtres.read.1.tlog
F:\(4 сем)компьютерная графика\KGlab3\KGlab3\Debug\link.4600-cvtres.write.1.tlog
F:\(4 сем)компьютерная графика\KGlab3\KGlab3\Debug\link.4600-rc.read.1.tlog
F:\(4 сем)компьютерная графика\KGlab3\KGlab3\Debug\link.4600-rc.write.1.tlog
F:\(4 сем)компьютерная графика\KGlab3\KGlab3\Debug\link.4600.read.1.tlog
F:\(4 сем)компьютерная графика\KGlab3\KGlab3\Debug\link.4600.write.1.tlog
F:\(4 сем)компьютерная графика\KGlab3\KGlab3\Debug\link.4836-cvtres.read.1.tlog
F:\(4 сем)компьютерная графика\KGlab3\KGlab3\Debug\link.4836-cvtres.write.1.tlog
F:\(4 сем)компьютерная графика\KGlab3\KGlab3\Debug\link.4836-rc.read.1.tlog
F:\(4 сем)компьютерная графика\KGlab3\KGlab3\Debug\link.4836-rc.write.1.tlog
F:\(4 сем)компьютерная графика\KGlab3\KGlab3\Debug\link.4836.read.1.tlog
F:\(4 сем)компьютерная графика\KGlab3\KGlab3\Debug\link.4836.write.1.tlog
F:\(4 сем)компьютерная графика\KGlab3\KGlab3\Debug\link.4880-cvtres.read.1.tlog
F:\(4 сем)компьютерная графика\KGlab3\KGlab3\Debug\link.4880-cvtres.write.1.tlog
F:\(4 сем)компьютерная графика\KGlab3\KGlab3\Debug\link.4880-rc.read.1.tlog
F:\(4 сем)компьютерная графика\KGlab3\KGlab3\Debug\link.4880-rc.write.1.tlog
F:\(4 сем)компьютерная графика\KGlab3\KGlab3\Debug\link.4880.read.1.tlog
F:\(4 сем)компьютерная графика\KGlab3\KGlab3\Debug\link.4880.write.1.tlog
F:\(4 сем)компьютерная графика\KGlab3\KGlab3\Debug\link.4892-cvtres.read.1.tlog
F:\(4 сем)компьютерная графика\KGlab3\KGlab3\Debug\link.4892-cvtres.write.1.tlog
F:\(4 сем)компьютерная графика\KGlab3\KGlab3\Debug\link.4892-rc.read.1.tlog
F:\(4 сем)компьютерная графика\KGlab3\KGlab3\Debug\link.4892-rc.write.1.tlog
F:\(4 сем)компьютерная графика\KGlab3\KGlab3\Debug\link.4892.read.1.tlog
F:\(4 сем)компьютерная графика\KGlab3\KGlab3\Debug\link.4892.write.1.tlog
F:\(4 сем)компьютерная графика\KGlab3\KGlab3\Debug\link.4904-cvtres.read.1.tlog
F:\(4 сем)компьютерная графика\KGlab3\KGlab3\Debug\link.4904-cvtres.write.1.tlog
F:\(4 сем)компьютерная графика\KGlab3\KGlab3\Debug\link.4904-rc.read.1.tlog
F:\(4 сем)компьютерная графика\KGlab3\KGlab3\Debug\link.4904-rc.write.1.tlog
F:\(4 сем)компьютерная графика\KGlab3\KGlab3\Debug\link.4904.read.1.tlog
F:\(4 сем)компьютерная графика\KGlab3\KGlab3\Debug\link.4904.write.1.tlog
F:\(4 сем)компьютерная графика\KGlab3\KGlab3\Debug\link.5012-cvtres.read.1.tlog
F:\(4 сем)компьютерная графика\KGlab3\KGlab3\Debug\link.5012-cvtres.write.1.tlog
F:\(4 сем)компьютерная графика\KGlab3\KGlab3\Debug\link.5012-rc.read.1.tlog
F:\(4 сем)компьютерная графика\KGlab3\KGlab3\Debug\link.5012-rc.write.1.tlog
F:\(4 сем)компьютерная графика\KGlab3\KGlab3\Debug\link.5012.read.1.tlog
F:\(4 сем)компьютерная графика\KGlab3\KGlab3\Debug\link.5012.write.1.tlog
F:\(4 сем)компьютерная графика\KGlab3\KGlab3\Debug\link.5144-cvtres.read.1.tlog
F:\(4 сем)компьютерная графика\KGlab3\KGlab3\Debug\link.5144-cvtres.write.1.tlog
F:\(4 сем)компьютерная графика\KGlab3\KGlab3\Debug\link.5144-rc.read.1.tlog
F:\(4 сем)компьютерная графика\KGlab3\KGlab3\Debug\link.5144-rc.write.1.tlog
F:\(4 сем)компьютерная графика\KGlab3\KGlab3\Debug\link.5144.read.1.tlog
F:\(4 сем)компьютерная графика\KGlab3\KGlab3\Debug\link.5144.write.1.tlog
F:\(4 сем)компьютерная графика\KGlab3\KGlab3\Debug\link.5168-cvtres.read.1.tlog
F:\(4 сем)компьютерная графика\KGlab3\KGlab3\Debug\link.5168-cvtres.write.1.tlog
F:\(4 сем)компьютерная графика\KGlab3\KGlab3\Debug\link.5168-rc.read.1.tlog
F:\(4 сем)компьютерная графика\KGlab3\KGlab3\Debug\link.5168-rc.write.1.tlog
F:\(4 сем)компьютерная графика\KGlab3\KGlab3\Debug\link.5168.read.1.tlog
F:\(4 сем)компьютерная графика\KGlab3\KGlab3\Debug\link.5168.write.1.tlog
F:\(4 сем)компьютерная графика\KGlab3\KGlab3\Debug\link.5232-cvtres.read.1.tlog
F:\(4 сем)компьютерная графика\KGlab3\KGlab3\Debug\link.5232-cvtres.write.1.tlog
F:\(4 сем)компьютерная графика\KGlab3\KGlab3\Debug\link.5232-rc.read.1.tlog
F:\(4 сем)компьютерная графика\KGlab3\KGlab3\Debug\link.5232-rc.write.1.tlog
F:\(4 сем)компьютерная графика\KGlab3\KGlab3\Debug\link.5232.read.1.tlog
F:\(4 сем)компьютерная графика\KGlab3\KGlab3\Debug\link.5232.write.1.tlog
F:\(4 сем)компьютерная графика\KGlab3\KGlab3\Debug\link.5256-cvtres.read.1.tlog
F:\(4 сем)компьютерная графика\KGlab3\KGlab3\Debug\link.5256-cvtres.write.1.tlog
F:\(4 сем)компьютерная графика\KGlab3\KGlab3\Debug\link.5256-rc.read.1.tlog
F:\(4 сем)компьютерная графика\KGlab3\KGlab3\Debug\link.5256-rc.write.1.tlog
F:\(4 сем)компьютерная графика\KGlab3\KGlab3\Debug\link.5256.read.1.tlog
F:\(4 сем)компьютерная графика\KGlab3\KGlab3\Debug\link.5256.write.1.tlog
F:\(4 сем)компьютерная графика\KGlab3\KGlab3\Debug\link.5352-cvtres.read.1.tlog
F:\(4 сем)компьютерная графика\KGlab3\KGlab3\Debug\link.5352-cvtres.write.1.tlog
F:\(4 сем)компьютерная графика\KGlab3\KGlab3\Debug\link.5352-rc.read.1.tlog
F:\(4 сем)компьютерная графика\KGlab3\KGlab3\Debug\link.5352-rc.write.1.tlog
F:\(4 сем)компьютерная графика\KGlab3\KGlab3\Debug\link.5352.read.1.tlog
F:\(4 сем)компьютерная графика\KGlab3\KGlab3\Debug\link.5352.write.1.tlog
F:\(4 сем)компьютерная графика\KGlab3\KGlab3\Debug\link.5376-cvtres.read.1.tlog
F:\(4 сем)компьютерная графика\KGlab3\KGlab3\Debug\link.5376-cvtres.write.1.tlog
F:\(4 сем)компьютерная графика\KGlab3\KGlab3\Debug\link.5376-rc.read.1.tlog
F:\(4 сем)компьютерная графика\KGlab3\KGlab3\Debug\link.5376-rc.write.1.tlog
F:\(4 сем)компьютерная графика\KGlab3\KGlab3\Debug\link.5376.read.1.tlog
F:\(4 сем)компьютерная графика\KGlab3\KGlab3\Debug\link.5376.write.1.tlog
F:\(4 сем)компьютерная графика\KGlab3\KGlab3\Debug\link.5428-cvtres.read.1.tlog
F:\(4 сем)компьютерная графика\KGlab3\KGlab3\Debug\link.5428-cvtres.write.1.tlog
F:\(4 сем)компьютерная графика\KGlab3\KGlab3\Debug\link.5428-rc.read.1.tlog
F:\(4 сем)компьютерная графика\KGlab3\KGlab3\Debug\link.5428-rc.write.1.tlog
F:\(4 сем)компьютерная графика\KGlab3\KGlab3\Debug\link.5428.read.1.tlog
F:\(4 сем)компьютерная графика\KGlab3\KGlab3\Debug\link.5428.write.1.tlog
F:\(4 сем)компьютерная графика\KGlab3\KGlab3\Debug\link.5588-cvtres.read.1.tlog
F:\(4 сем)компьютерная графика\KGlab3\KGlab3\Debug\link.5588-cvtres.write.1.tlog
F:\(4 сем)компьютерная графика\KGlab3\KGlab3\Debug\link.5588-rc.read.1.tlog
F:\(4 сем)компьютерная графика\KGlab3\KGlab3\Debug\link.5588-rc.write.1.tlog
F:\(4 сем)компьютерная графика\KGlab3\KGlab3\Debug\link.5588.read.1.tlog
F:\(4 сем)компьютерная графика\KGlab3\KGlab3\Debug\link.5588.write.1.tlog
F:\(4 сем)компьютерная графика\KGlab3\KGlab3\Debug\link.5596-cvtres.read.1.tlog
F:\(4 сем)компьютерная графика\KGlab3\KGlab3\Debug\link.5596-cvtres.write.1.tlog
F:\(4 сем)компьютерная графика\KGlab3\KGlab3\Debug\link.5596-rc.read.1.tlog
F:\(4 сем)компьютерная графика\KGlab3\KGlab3\Debug\link.5596-rc.write.1.tlog
F:\(4 сем)компьютерная графика\KGlab3\KGlab3\Debug\link.5596.read.1.tlog
F:\(4 сем)компьютерная графика\KGlab3\KGlab3\Debug\link.5596.write.1.tlog
F:\(4 сем)компьютерная графика\KGlab3\KGlab3\Debug\link.5708-cvtres.read.1.tlog
F:\(4 сем)компьютерная графика\KGlab3\KGlab3\Debug\link.5708-cvtres.write.1.tlog
F:\(4 сем)компьютерная графика\KGlab3\KGlab3\Debug\link.5708-rc.read.1.tlog
F:\(4 сем)компьютерная графика\KGlab3\KGlab3\Debug\link.5708-rc.write.1.tlog
F:\(4 сем)компьютерная графика\KGlab3\KGlab3\Debug\link.5708.read.1.tlog
F:\(4 сем)компьютерная графика\KGlab3\KGlab3\Debug\link.5708.write.1.tlog
F:\(4 сем)компьютерная графика\KGlab3\KGlab3\Debug\link.5732-cvtres.read.1.tlog
F:\(4 сем)компьютерная графика\KGlab3\KGlab3\Debug\link.5732-cvtres.write.1.tlog
F:\(4 сем)компьютерная графика\KGlab3\KGlab3\Debug\link.5732-rc.read.1.tlog
F:\(4 сем)компьютерная графика\KGlab3\KGlab3\Debug\link.5732-rc.write.1.tlog
F:\(4 сем)компьютерная графика\KGlab3\KGlab3\Debug\link.5732.read.1.tlog
F:\(4 сем)компьютерная графика\KGlab3\KGlab3\Debug\link.5732.write.1.tlog
F:\(4 сем)компьютерная графика\KGlab3\KGlab3\Debug\link.5780-cvtres.read.1.tlog
F:\(4 сем)компьютерная графика\KGlab3\KGlab3\Debug\link.5780-cvtres.write.1.tlog
F:\(4 сем)компьютерная графика\KGlab3\KGlab3\Debug\link.5780-rc.read.1.tlog
F:\(4 сем)компьютерная графика\KGlab3\KGlab3\Debug\link.5780-rc.write.1.tlog
F:\(4 сем)компьютерная графика\KGlab3\KGlab3\Debug\link.5780.read.1.tlog
F:\(4 сем)компьютерная графика\KGlab3\KGlab3\Debug\link.5780.write.1.tlog
F:\(4 сем)компьютерная графика\KGlab3\KGlab3\Debug\link.5800-cvtres.read.1.tlog
F:\(4 сем)компьютерная графика\KGlab3\KGlab3\Debug\link.5800-cvtres.write.1.tlog
F:\(4 сем)компьютерная графика\KGlab3\KGlab3\Debug\link.5800-rc.read.1.tlog
F:\(4 сем)компьютерная графика\KGlab3\KGlab3\Debug\link.5800-rc.write.1.tlog
F:\(4 сем)компьютерная графика\KGlab3\KGlab3\Debug\link.5800.read.1.tlog
F:\(4 сем)компьютерная графика\KGlab3\KGlab3\Debug\link.5800.write.1.tlog
F:\(4 сем)компьютерная графика\KGlab3\KGlab3\Debug\link.5812-cvtres.read.1.tlog
F:\(4 сем)компьютерная графика\KGlab3\KGlab3\Debug\link.5812-cvtres.write.1.tlog
F:\(4 сем)компьютерная графика\KGlab3\KGlab3\Debug\link.5812-rc.read.1.tlog
F:\(4 сем)компьютерная графика\KGlab3\KGlab3\Debug\link.5812-rc.write.1.tlog
F:\(4 сем)компьютерная графика\KGlab3\KGlab3\Debug\link.5812.read.1.tlog
F:\(4 сем)компьютерная графика\KGlab3\KGlab3\Debug\link.5812.write.1.tlog
F:\(4 сем)компьютерная графика\KGlab3\KGlab3\Debug\link.5848-cvtres.read.1.tlog
F:\(4 сем)компьютерная графика\KGlab3\KGlab3\Debug\link.5848-cvtres.write.1.tlog
F:\(4 сем)компьютерная графика\KGlab3\KGlab3\Debug\link.5848-rc.read.1.tlog
F:\(4 сем)компьютерная графика\KGlab3\KGlab3\Debug\link.5848-rc.write.1.tlog
F:\(4 сем)компьютерная графика\KGlab3\KGlab3\Debug\link.5848.read.1.tlog
F:\(4 сем)компьютерная графика\KGlab3\KGlab3\Debug\link.5848.write.1.tlog
F:\(4 сем)компьютерная графика\KGlab3\KGlab3\Debug\link.5940-cvtres.read.1.tlog
F:\(4 сем)компьютерная графика\KGlab3\KGlab3\Debug\link.5940-cvtres.write.1.tlog
F:\(4 сем)компьютерная графика\KGlab3\KGlab3\Debug\link.5940-rc.read.1.tlog
F:\(4 сем)компьютерная графика\KGlab3\KGlab3\Debug\link.5940-rc.write.1.tlog
F:\(4 сем)компьютерная графика\KGlab3\KGlab3\Debug\link.5940.read.1.tlog
F:\(4 сем)компьютерная графика\KGlab3\KGlab3\Debug\link.5940.write.1.tlog
F:\(4 сем)компьютерная графика\KGlab3\KGlab3\Debug\link.5956-cvtres.read.1.tlog
F:\(4 сем)компьютерная графика\KGlab3\KGlab3\Debug\link.5956-cvtres.write.1.tlog
F:\(4 сем)компьютерная графика\KGlab3\KGlab3\Debug\link.5956-rc.read.1.tlog
F:\(4 сем)компьютерная графика\KGlab3\KGlab3\Debug\link.5956-rc.write.1.tlog
F:\(4 сем)компьютерная графика\KGlab3\KGlab3\Debug\link.5956.read.1.tlog
F:\(4 сем)компьютерная графика\KGlab3\KGlab3\Debug\link.5956.write.1.tlog
F:\(4 сем)компьютерная графика\KGlab3\KGlab3\Debug\link.6152-cvtres.read.1.tlog
F:\(4 сем)компьютерная графика\KGlab3\KGlab3\Debug\link.6152-cvtres.write.1.tlog
F:\(4 сем)компьютерная графика\KGlab3\KGlab3\Debug\link.6152-rc.read.1.tlog
F:\(4 сем)компьютерная графика\KGlab3\KGlab3\Debug\link.6152-rc.write.1.tlog
F:\(4 сем)компьютерная графика\KGlab3\KGlab3\Debug\link.6152.read.1.tlog
F:\(4 сем)компьютерная графика\KGlab3\KGlab3\Debug\link.6152.write.1.tlog
F:\(4 сем)компьютерная графика\KGlab3\KGlab3\Debug\link.6272-cvtres.read.1.tlog
F:\(4 сем)компьютерная графика\KGlab3\KGlab3\Debug\link.6272-cvtres.write.1.tlog
F:\(4 сем)компьютерная графика\KGlab3\KGlab3\Debug\link.6272-rc.read.1.tlog
F:\(4 сем)компьютерная графика\KGlab3\KGlab3\Debug\link.6272-rc.write.1.tlog
F:\(4 сем)компьютерная графика\KGlab3\KGlab3\Debug\link.6272.read.1.tlog
F:\(4 сем)компьютерная графика\KGlab3\KGlab3\Debug\link.6272.write.1.tlog
F:\(4 сем)компьютерная графика\KGlab3\KGlab3\Debug\link.6556-cvtres.read.1.tlog
F:\(4 сем)компьютерная графика\KGlab3\KGlab3\Debug\link.6556-cvtres.write.1.tlog
F:\(4 сем)компьютерная графика\KGlab3\KGlab3\Debug\link.6556-rc.read.1.tlog
F:\(4 сем)компьютерная графика\KGlab3\KGlab3\Debug\link.6556-rc.write.1.tlog
F:\(4 сем)компьютерная графика\KGlab3\KGlab3\Debug\link.6556.read.1.tlog
F:\(4 сем)компьютерная графика\KGlab3\KGlab3\Debug\link.6556.write.1.tlog
F:\(4 сем)компьютерная графика\KGlab3\KGlab3\Debug\link.6656-cvtres.read.1.tlog
F:\(4 сем)компьютерная графика\KGlab3\KGlab3\Debug\link.6656-cvtres.write.1.tlog
F:\(4 сем)компьютерная графика\KGlab3\KGlab3\Debug\link.6656-rc.read.1.tlog
F:\(4 сем)компьютерная графика\KGlab3\KGlab3\Debug\link.6656-rc.write.1.tlog
F:\(4 сем)компьютерная графика\KGlab3\KGlab3\Debug\link.6656.read.1.tlog
F:\(4 сем)компьютерная графика\KGlab3\KGlab3\Debug\link.6656.write.1.tlog
F:\(4 сем)компьютерная графика\KGlab3\KGlab3\Debug\link.6660-cvtres.read.1.tlog
F:\(4 сем)компьютерная графика\KGlab3\KGlab3\Debug\link.6660-cvtres.write.1.tlog
F:\(4 сем)компьютерная графика\KGlab3\KGlab3\Debug\link.6660-rc.read.1.tlog
F:\(4 сем)компьютерная графика\KGlab3\KGlab3\Debug\link.6660-rc.write.1.tlog
F:\(4 сем)компьютерная графика\KGlab3\KGlab3\Debug\link.6660.read.1.tlog
F:\(4 сем)компьютерная графика\KGlab3\KGlab3\Debug\link.6660.write.1.tlog
F:\(4 сем)компьютерная графика\KGlab3\KGlab3\Debug\link.6688-cvtres.read.1.tlog
F:\(4 сем)компьютерная графика\KGlab3\KGlab3\Debug\link.6688-cvtres.write.1.tlog
F:\(4 сем)компьютерная графика\KGlab3\KGlab3\Debug\link.6688-rc.read.1.tlog
F:\(4 сем)компьютерная графика\KGlab3\KGlab3\Debug\link.6688-rc.write.1.tlog
F:\(4 сем)компьютерная графика\KGlab3\KGlab3\Debug\link.6688.read.1.tlog
F:\(4 сем)компьютерная графика\KGlab3\KGlab3\Debug\link.6688.write.1.tlog
F:\(4 сем)компьютерная графика\KGlab3\KGlab3\Debug\link.6732-cvtres.read.1.tlog
F:\(4 сем)компьютерная графика\KGlab3\KGlab3\Debug\link.6732-cvtres.write.1.tlog
F:\(4 сем)компьютерная графика\KGlab3\KGlab3\Debug\link.6732-rc.read.1.tlog
F:\(4 сем)компьютерная графика\KGlab3\KGlab3\Debug\link.6732-rc.write.1.tlog
F:\(4 сем)компьютерная графика\KGlab3\KGlab3\Debug\link.6732.read.1.tlog
F:\(4 сем)компьютерная графика\KGlab3\KGlab3\Debug\link.6732.write.1.tlog
F:\(4 сем)компьютерная графика\KGlab3\KGlab3\Debug\link.6792-cvtres.read.1.tlog
F:\(4 сем)компьютерная графика\KGlab3\KGlab3\Debug\link.6792-cvtres.write.1.tlog
F:\(4 сем)компьютерная графика\KGlab3\KGlab3\Debug\link.6792-rc.read.1.tlog
F:\(4 сем)компьютерная графика\KGlab3\KGlab3\Debug\link.6792-rc.write.1.tlog
F:\(4 сем)компьютерная графика\KGlab3\KGlab3\Debug\link.6792.read.1.tlog
F:\(4 сем)компьютерная графика\KGlab3\KGlab3\Debug\link.6792.write.1.tlog
F:\(4 сем)компьютерная графика\KGlab3\KGlab3\Debug\link.6828-cvtres.read.1.tlog
F:\(4 сем)компьютерная графика\KGlab3\KGlab3\Debug\link.6828-cvtres.write.1.tlog
F:\(4 сем)компьютерная графика\KGlab3\KGlab3\Debug\link.6828-rc.read.1.tlog
F:\(4 сем)компьютерная графика\KGlab3\KGlab3\Debug\link.6828-rc.write.1.tlog
F:\(4 сем)компьютерная графика\KGlab3\KGlab3\Debug\link.6828.read.1.tlog
F:\(4 сем)компьютерная графика\KGlab3\KGlab3\Debug\link.6828.write.1.tlog
F:\(4 сем)компьютерная графика\KGlab3\KGlab3\Debug\link.6956-cvtres.read.1.tlog
F:\(4 сем)компьютерная графика\KGlab3\KGlab3\Debug\link.6956-cvtres.write.1.tlog
F:\(4 сем)компьютерная графика\KGlab3\KGlab3\Debug\link.6956-rc.read.1.tlog
F:\(4 сем)компьютерная графика\KGlab3\KGlab3\Debug\link.6956-rc.write.1.tlog
F:\(4 сем)компьютерная графика\KGlab3\KGlab3\Debug\link.6956.read.1.tlog
F:\(4 сем)компьютерная графика\KGlab3\KGlab3\Debug\link.6956.write.1.tlog
F:\(4 сем)компьютерная графика\KGlab3\KGlab3\Debug\link.7028-cvtres.read.1.tlog
F:\(4 сем)компьютерная графика\KGlab3\KGlab3\Debug\link.7028-cvtres.write.1.tlog
F:\(4 сем)компьютерная графика\KGlab3\KGlab3\Debug\link.7028-rc.read.1.tlog
F:\(4 сем)компьютерная графика\KGlab3\KGlab3\Debug\link.7028-rc.write.1.tlog
F:\(4 сем)компьютерная графика\KGlab3\KGlab3\Debug\link.7028.read.1.tlog
F:\(4 сем)компьютерная графика\KGlab3\KGlab3\Debug\link.7028.write.1.tlog
F:\(4 сем)компьютерная графика\KGlab3\KGlab3\Debug\link.7040-cvtres.read.1.tlog
F:\(4 сем)компьютерная графика\KGlab3\KGlab3\Debug\link.7040-cvtres.write.1.tlog
F:\(4 сем)компьютерная графика\KGlab3\KGlab3\Debug\link.7040-rc.read.1.tlog
F:\(4 сем)компьютерная графика\KGlab3\KGlab3\Debug\link.7040-rc.write.1.tlog
F:\(4 сем)компьютерная графика\KGlab3\KGlab3\Debug\link.7040.read.1.tlog
F:\(4 сем)компьютерная графика\KGlab3\KGlab3\Debug\link.7040.write.1.tlog
F:\(4 сем)компьютерная графика\KGlab3\KGlab3\Debug\link.7140-cvtres.read.1.tlog
F:\(4 сем)компьютерная графика\KGlab3\KGlab3\Debug\link.7140-cvtres.write.1.tlog
F:\(4 сем)компьютерная графика\KGlab3\KGlab3\Debug\link.7140-rc.read.1.tlog
F:\(4 сем)компьютерная графика\KGlab3\KGlab3\Debug\link.7140-rc.write.1.tlog
F:\(4 сем)компьютерная графика\KGlab3\KGlab3\Debug\link.7140.read.1.tlog
F:\(4 сем)компьютерная графика\KGlab3\KGlab3\Debug\link.7140.write.1.tlog
F:\(4 сем)компьютерная графика\KGlab3\KGlab3\Debug\link.7384-cvtres.read.1.tlog
F:\(4 сем)компьютерная графика\KGlab3\KGlab3\Debug\link.7384-cvtres.write.1.tlog
F:\(4 сем)компьютерная графика\KGlab3\KGlab3\Debug\link.7384-rc.read.1.tlog
F:\(4 сем)компьютерная графика\KGlab3\KGlab3\Debug\link.7384-rc.write.1.tlog
F:\(4 сем)компьютерная графика\KGlab3\KGlab3\Debug\link.7384.read.1.tlog
F:\(4 сем)компьютерная графика\KGlab3\KGlab3\Debug\link.7384.write.1.tlog
F:\(4 сем)компьютерная графика\KGlab3\KGlab3\Debug\link.7704-cvtres.read.1.tlog
F:\(4 сем)компьютерная графика\KGlab3\KGlab3\Debug\link.7704-cvtres.write.1.tlog
F:\(4 сем)компьютерная графика\KGlab3\KGlab3\Debug\link.7704-rc.read.1.tlog
F:\(4 сем)компьютерная графика\KGlab3\KGlab3\Debug\link.7704-rc.write.1.tlog
F:\(4 сем)компьютерная графика\KGlab3\KGlab3\Debug\link.7704.read.1.tlog
F:\(4 сем)компьютерная графика\KGlab3\KGlab3\Debug\link.7704.write.1.tlog
F:\(4 сем)компьютерная графика\KGlab3\KGlab3\Debug\link.7728-cvtres.read.1.tlog
F:\(4 сем)компьютерная графика\KGlab3\KGlab3\Debug\link.7728-cvtres.write.1.tlog
F:\(4 сем)компьютерная графика\KGlab3\KGlab3\Debug\link.7728-rc.read.1.tlog
F:\(4 сем)компьютерная графика\KGlab3\KGlab3\Debug\link.7728-rc.write.1.tlog
F:\(4 сем)компьютерная графика\KGlab3\KGlab3\Debug\link.7728.read.1.tlog
F:\(4 сем)компьютерная графика\KGlab3\KGlab3\Debug\link.7728.write.1.tlog
F:\(4 сем)компьютерная графика\KGlab3\KGlab3\Debug\link.7860-cvtres.read.1.tlog
F:\(4 сем)компьютерная графика\KGlab3\KGlab3\Debug\link.7860-cvtres.write.1.tlog
F:\(4 сем)компьютерная графика\KGlab3\KGlab3\Debug\link.7860-rc.read.1.tlog
F:\(4 сем)компьютерная графика\KGlab3\KGlab3\Debug\link.7860-rc.write.1.tlog
F:\(4 сем)компьютерная графика\KGlab3\KGlab3\Debug\link.7860.read.1.tlog
F:\(4 сем)компьютерная графика\KGlab3\KGlab3\Debug\link.7860.write.1.tlog
F:\(4 сем)компьютерная графика\KGlab3\KGlab3\Debug\link.7944-cvtres.read.1.tlog
F:\(4 сем)компьютерная графика\KGlab3\KGlab3\Debug\link.7944-cvtres.write.1.tlog
F:\(4 сем)компьютерная графика\KGlab3\KGlab3\Debug\link.7944-rc.read.1.tlog
F:\(4 сем)компьютерная графика\KGlab3\KGlab3\Debug\link.7944-rc.write.1.tlog
F:\(4 сем)компьютерная графика\KGlab3\KGlab3\Debug\link.7944.read.1.tlog
F:\(4 сем)компьютерная графика\KGlab3\KGlab3\Debug\link.7944.write.1.tlog
F:\(4 сем)компьютерная графика\KGlab3\KGlab3\Debug\link.7988-cvtres.read.1.tlog
F:\(4 сем)компьютерная графика\KGlab3\KGlab3\Debug\link.7988-cvtres.write.1.tlog
F:\(4 сем)компьютерная графика\KGlab3\KGlab3\Debug\link.7988-rc.read.1.tlog
F:\(4 сем)компьютерная графика\KGlab3\KGlab3\Debug\link.7988-rc.write.1.tlog
F:\(4 сем)компьютерная графика\KGlab3\KGlab3\Debug\link.7988.read.1.tlog
F:\(4 сем)компьютерная графика\KGlab3\KGlab3\Debug\link.7988.write.1.tlog
F:\(4 сем)компьютерная графика\KGlab3\KGlab3\Debug\link.8096-cvtres.read.1.tlog
F:\(4 сем)компьютерная графика\KGlab3\KGlab3\Debug\link.8096-cvtres.write.1.tlog
F:\(4 сем)компьютерная графика\KGlab3\KGlab3\Debug\link.8096-rc.read.1.tlog
F:\(4 сем)компьютерная графика\KGlab3\KGlab3\Debug\link.8096-rc.write.1.tlog
F:\(4 сем)компьютерная графика\KGlab3\KGlab3\Debug\link.8096.read.1.tlog
F:\(4 сем)компьютерная графика\KGlab3\KGlab3\Debug\link.8096.write.1.tlog
F:\(4 сем)компьютерная графика\KGlab3\KGlab3\Debug\link.8156-cvtres.read.1.tlog
F:\(4 сем)компьютерная графика\KGlab3\KGlab3\Debug\link.8156-cvtres.write.1.tlog
F:\(4 сем)компьютерная графика\KGlab3\KGlab3\Debug\link.8156-rc.read.1.tlog
F:\(4 сем)компьютерная графика\KGlab3\KGlab3\Debug\link.8156-rc.write.1.tlog
F:\(4 сем)компьютерная графика\KGlab3\KGlab3\Debug\link.8156.read.1.tlog
F:\(4 сем)компьютерная графика\KGlab3\KGlab3\Debug\link.8156.write.1.tlog
F:\(4 сем)компьютерная графика\KGlab3\KGlab3\Debug\link.8188-cvtres.read.1.tlog
F:\(4 сем)компьютерная графика\KGlab3\KGlab3\Debug\link.8188-cvtres.write.1.tlog
F:\(4 сем)компьютерная графика\KGlab3\KGlab3\Debug\link.8188-rc.read.1.tlog
F:\(4 сем)компьютерная графика\KGlab3\KGlab3\Debug\link.8188-rc.write.1.tlog
F:\(4 сем)компьютерная графика\KGlab3\KGlab3\Debug\link.8188.read.1.tlog
F:\(4 сем)компьютерная графика\KGlab3\KGlab3\Debug\link.8188.write.1.tlog
F:\(4 сем)компьютерная графика\KGlab3\KGlab3\Debug\link.8736-cvtres.read.1.tlog
F:\(4 сем)компьютерная графика\KGlab3\KGlab3\Debug\link.8736-cvtres.write.1.tlog
F:\(4 сем)компьютерная графика\KGlab3\KGlab3\Debug\link.8736-rc.read.1.tlog
F:\(4 сем)компьютерная графика\KGlab3\KGlab3\Debug\link.8736-rc.write.1.tlog
F:\(4 сем)компьютерная графика\KGlab3\KGlab3\Debug\link.8736.read.1.tlog
F:\(4 сем)компьютерная графика\KGlab3\KGlab3\Debug\link.8736.write.1.tlog
F:\(4 сем)компьютерная графика\KGlab3\KGlab3\Debug\link.8748-cvtres.read.1.tlog
F:\(4 сем)компьютерная графика\KGlab3\KGlab3\Debug\link.8748-cvtres.write.1.tlog
F:\(4 сем)компьютерная графика\KGlab3\KGlab3\Debug\link.8748-rc.read.1.tlog
F:\(4 сем)компьютерная графика\KGlab3\KGlab3\Debug\link.8748-rc.write.1.tlog
F:\(4 сем)компьютерная графика\KGlab3\KGlab3\Debug\link.8748.read.1.tlog
F:\(4 сем)компьютерная графика\KGlab3\KGlab3\Debug\link.8748.write.1.tlog
F:\(4 сем)компьютерная графика\KGlab3\KGlab3\Debug\link.8880-cvtres.read.1.tlog
F:\(4 сем)компьютерная графика\KGlab3\KGlab3\Debug\link.8880-cvtres.write.1.tlog
F:\(4 сем)компьютерная графика\KGlab3\KGlab3\Debug\link.8880-rc.read.1.tlog
F:\(4 сем)компьютерная графика\KGlab3\KGlab3\Debug\link.8880-rc.write.1.tlog
F:\(4 сем)компьютерная графика\KGlab3\KGlab3\Debug\link.8880.read.1.tlog
F:\(4 сем)компьютерная графика\KGlab3\KGlab3\Debug\link.8880.write.1.tlog
F:\(4 сем)компьютерная графика\KGlab3\KGlab3\Debug\link.8916-cvtres.read.1.tlog
F:\(4 сем)компьютерная графика\KGlab3\KGlab3\Debug\link.8916-cvtres.write.1.tlog
F:\(4 сем)компьютерная графика\KGlab3\KGlab3\Debug\link.8916-rc.read.1.tlog
F:\(4 сем)компьютерная графика\KGlab3\KGlab3\Debug\link.8916-rc.write.1.tlog
F:\(4 сем)компьютерная графика\KGlab3\KGlab3\Debug\link.8916.read.1.tlog
F:\(4 сем)компьютерная графика\KGlab3\KGlab3\Debug\link.8916.write.1.tlog
F:\(4 сем)компьютерная графика\KGlab3\KGlab3\Debug\link.8948-cvtres.read.1.tlog
F:\(4 сем)компьютерная графика\KGlab3\KGlab3\Debug\link.8948-cvtres.write.1.tlog
F:\(4 сем)компьютерная графика\KGlab3\KGlab3\Debug\link.8948-rc.read.1.tlog
F:\(4 сем)компьютерная графика\KGlab3\KGlab3\Debug\link.8948-rc.write.1.tlog
F:\(4 сем)компьютерная графика\KGlab3\KGlab3\Debug\link.8948.read.1.tlog
F:\(4 сем)компьютерная графика\KGlab3\KGlab3\Debug\link.8948.write.1.tlog
F:\(4 сем)компьютерная графика\KGlab3\KGlab3\Debug\link.9196-cvtres.read.1.tlog
F:\(4 сем)компьютерная графика\KGlab3\KGlab3\Debug\link.9196-cvtres.write.1.tlog
F:\(4 сем)компьютерная графика\KGlab3\KGlab3\Debug\link.9196-rc.read.1.tlog
F:\(4 сем)компьютерная графика\KGlab3\KGlab3\Debug\link.9196-rc.write.1.tlog
F:\(4 сем)компьютерная графика\KGlab3\KGlab3\Debug\link.9196.read.1.tlog
F:\(4 сем)компьютерная графика\KGlab3\KGlab3\Debug\link.9196.write.1.tlog
F:\(4 сем)компьютерная графика\KGlab3\KGlab3\Debug\link.command.1.tlog
F:\(4 сем)компьютерная графика\KGlab3\KGlab3\Debug\metagen.read.1.tlog
F:\(4 сем)компьютерная графика\KGlab3\KGlab3\Debug\metagen.write.1.tlog
F:\(4 сем)компьютерная графика\KGlab3\KGlab3\Debug\link.9056.write.1.tlog
F:\(4 сем)компьютерная графика\KGlab3\KGlab3\Debug\link.5076.write.1.tlog
F:\(4 сем)компьютерная графика\KGlab3\KGlab3\Debug\link.6104-rc.read.1.tlog
F:\(4 сем)компьютерная графика\KGlab3\KGlab3\Debug\link.6104-rc.write.1.tlog
F:\(4 сем)компьютерная графика\KGlab3\KGlab3\Debug\link.6104-cvtres.read.1.tlog
F:\(4 сем)компьютерная графика\KGlab3\KGlab3\Debug\link.6104-cvtres.write.1.tlog
F:\(4 сем)компьютерная графика\KGlab3\KGlab3\Debug\link.6104.read.1.tlog
F:\(4 сем)компьютерная графика\KGlab3\KGlab3\Debug\link.6104.write.1.tlog
F:\(4 сем)компьютерная графика\KGlab3\KGlab3\Debug\link.5464-rc.read.1.tlog
F:\(4 сем)компьютерная графика\KGlab3\KGlab3\Debug\link.9056-rc.read.1.tlog
F:\(4 сем)компьютерная графика\KGlab3\KGlab3\Debug\link.9056-rc.write.1.tlog
F:\(4 сем)компьютерная графика\KGlab3\KGlab3\Debug\link.9056-cvtres.read.1.tlog
F:\(4 сем)компьютерная графика\KGlab3\KGlab3\Debug\link.9056-cvtres.write.1.tlog
F:\(4 сем)компьютерная графика\KGlab3\KGlab3\Debug\link.5464-rc.write.1.tlog
F:\(4 сем)компьютерная графика\KGlab3\KGlab3\Debug\link.5464-cvtres.read.1.tlog
F:\(4 сем)компьютерная графика\KGlab3\KGlab3\Debug\link.5464-cvtres.write.1.tlog
F:\(4 сем)компьютерная графика\KGlab3\KGlab3\Debug\link.5464.read.1.tlog
F:\(4 сем)компьютерная графика\KGlab3\KGlab3\Debug\link.5464.write.1.tlog
F:\(4 сем)компьютерная графика\KGlab3\KGlab3\Debug\link.7916-rc.read.1.tlog
F:\(4 сем)компьютерная графика\KGlab3\KGlab3\Debug\link.2816-rc.read.1.tlog
F:\(4 сем)компьютерная графика\KGlab3\KGlab3\Debug\link.2816-rc.write.1.tlog
F:\(4 сем)компьютерная графика\KGlab3\KGlab3\Debug\link.2816-cvtres.read.1.tlog
F:\(4 сем)компьютерная графика\KGlab3\KGlab3\Debug\link.2816-cvtres.write.1.tlog
F:\(4 сем)компьютерная графика\KGlab3\KGlab3\Debug\link.2816.read.1.tlog
F:\(4 сем)компьютерная графика\KGlab3\KGlab3\Debug\link.2816.write.1.tlog
F:\(4 сем)компьютерная графика\KGlab3\KGlab3\Debug\link.7916-rc.write.1.tlog
F:\(4 сем)компьютерная графика\KGlab3\KGlab3\Debug\link.8492-rc.read.1.tlog
F:\(4 сем)компьютерная графика\KGlab3\KGlab3\Debug\link.8492-rc.write.1.tlog
F:\(4 сем)компьютерная графика\KGlab3\KGlab3\Debug\link.8492-cvtres.read.1.tlog
F:\(4 сем)компьютерная графика\KGlab3\KGlab3\Debug\link.8492-cvtres.write.1.tlog
F:\(4 сем)компьютерная графика\KGlab3\KGlab3\Debug\link.8492.read.1.tlog
F:\(4 сем)компьютерная графика\KGlab3\KGlab3\Debug\link.8492.write.1.tlog
F:\(4 сем)компьютерная графика\KGlab3\KGlab3\Debug\link.7916.read.1.tlog
F:\(4 сем)компьютерная графика\KGlab3\KGlab3\Debug\link.528-rc.read.1.tlog
F:\(4 сем)компьютерная графика\KGlab3\KGlab3\Debug\link.528-rc.write.1.tlog
F:\(4 сем)компьютерная графика\KGlab3\KGlab3\Debug\link.528-cvtres.read.1.tlog
F:\(4 сем)компьютерная графика\KGlab3\KGlab3\Debug\link.528-cvtres.write.1.tlog
F:\(4 сем)компьютерная графика\KGlab3\KGlab3\Debug\link.528.read.1.tlog
F:\(4 сем)компьютерная графика\KGlab3\KGlab3\Debug\link.528.write.1.tlog
F:\(4 сем)компьютерная графика\KGlab3\KGlab3\Debug\link.7916.write.1.tlog
F:\(4 сем)компьютерная графика\KGlab3\KGlab3\Debug\link.8164-rc.read.1.tlog
F:\(4 сем)компьютерная графика\KGlab3\KGlab3\Debug\link.8164-rc.write.1.tlog
F:\(4 сем)компьютерная графика\KGlab3\KGlab3\Debug\link.8164-cvtres.read.1.tlog
F:\(4 сем)компьютерная графика\KGlab3\KGlab3\Debug\link.8164-cvtres.write.1.tlog
F:\(4 сем)компьютерная графика\KGlab3\KGlab3\Debug\link.8164.read.1.tlog
F:\(4 сем)компьютерная графика\KGlab3\KGlab3\Debug\link.8164.write.1.tlog
F:\(4 сем)компьютерная графика\KGlab3\KGlab3\Debug\link.7836-rc.read.1.tlog
F:\(4 сем)компьютерная графика\KGlab3\KGlab3\Debug\link.7836-rc.write.1.tlog
F:\(4 сем)компьютерная графика\KGlab3\KGlab3\Debug\link.7836-cvtres.read.1.tlog
F:\(4 сем)компьютерная графика\KGlab3\KGlab3\Debug\link.7836-cvtres.write.1.tlog
F:\(4 сем)компьютерная графика\KGlab3\KGlab3\Debug\link.7836.read.1.tlog
F:\(4 сем)компьютерная графика\KGlab3\KGlab3\Debug\link.7836.write.1.tlog
F:\(4 сем)компьютерная графика\KGlab3\KGlab3\Debug\link.7916-cvtres.read.1.tlog
F:\(4 сем)компьютерная графика\KGlab3\KGlab3\Debug\link.2932-rc.read.1.tlog
F:\(4 сем)компьютерная графика\KGlab3\KGlab3\Debug\link.2932-rc.write.1.tlog
F:\(4 сем)компьютерная графика\KGlab3\KGlab3\Debug\link.2932-cvtres.read.1.tlog
F:\(4 сем)компьютерная графика\KGlab3\KGlab3\Debug\link.2932-cvtres.write.1.tlog
F:\(4 сем)компьютерная графика\KGlab3\KGlab3\Debug\link.2932.read.1.tlog
F:\(4 сем)компьютерная графика\KGlab3\KGlab3\Debug\link.2932.write.1.tlog
F:\(4 сем)компьютерная графика\KGlab3\KGlab3\Debug\link.6320-rc.read.1.tlog
F:\(4 сем)компьютерная графика\KGlab3\KGlab3\Debug\link.6320-rc.write.1.tlog
F:\(4 сем)компьютерная графика\KGlab3\KGlab3\Debug\link.6320-cvtres.read.1.tlog
F:\(4 сем)компьютерная графика\KGlab3\KGlab3\Debug\link.6320-cvtres.write.1.tlog
F:\(4 сем)компьютерная графика\KGlab3\KGlab3\Debug\link.6320.read.1.tlog
F:\(4 сем)компьютерная графика\KGlab3\KGlab3\Debug\link.6320.write.1.tlog
F:\(4 сем)компьютерная графика\KGlab3\KGlab3\Debug\link.5396-rc.read.1.tlog
F:\(4 сем)компьютерная графика\KGlab3\KGlab3\Debug\link.5396-rc.write.1.tlog
F:\(4 сем)компьютерная графика\KGlab3\KGlab3\Debug\link.5396-cvtres.read.1.tlog
F:\(4 сем)компьютерная графика\KGlab3\KGlab3\Debug\link.5396-cvtres.write.1.tlog
F:\(4 сем)компьютерная графика\KGlab3\KGlab3\Debug\link.5396.read.1.tlog
F:\(4 сем)компьютерная графика\KGlab3\KGlab3\Debug\link.5396.write.1.tlog
F:\(4 сем)компьютерная графика\KGlab3\KGlab3\Debug\link.6292-rc.read.1.tlog
F:\(4 сем)компьютерная графика\KGlab3\KGlab3\Debug\link.6292-rc.write.1.tlog
F:\(4 сем)компьютерная графика\KGlab3\KGlab3\Debug\link.6292-cvtres.read.1.tlog
F:\(4 сем)компьютерная графика\KGlab3\KGlab3\Debug\link.6292-cvtres.write.1.tlog
F:\(4 сем)компьютерная графика\KGlab3\KGlab3\Debug\link.6292.read.1.tlog
F:\(4 сем)компьютерная графика\KGlab3\KGlab3\Debug\link.6292.write.1.tlog
F:\(4 сем)компьютерная графика\KGlab3\KGlab3\Debug\link.7916-cvtres.write.1.tlog
F:\(4 сем)компьютерная графика\KGlab3\KGlab3\Debug\link.5076-rc.read.1.tlog
F:\(4 сем)компьютерная графика\KGlab3\KGlab3\Debug\link.5076-rc.write.1.tlog
F:\(4 сем)компьютерная графика\KGlab3\KGlab3\Debug\link.5076-cvtres.read.1.tlog
F:\(4 сем)компьютерная графика\KGlab3\KGlab3\Debug\link.5076-cvtres.write.1.tlog
F:\(4 сем)компьютерная графика\KGlab3\KGlab3\Debug\link.5076.read.1.tlog
F:\(4 сем)компьютерная графика\KGlab3\KGlab3\Debug\link.8428-rc.read.1.tlog
F:\(4 сем)компьютерная графика\KGlab3\KGlab3\Debug\link.8428-rc.write.1.tlog
F:\(4 сем)компьютерная графика\KGlab3\KGlab3\Debug\link.8428-cvtres.read.1.tlog
F:\(4 сем)компьютерная графика\KGlab3\KGlab3\Debug\link.8428-cvtres.write.1.tlog
F:\(4 сем)компьютерная графика\KGlab3\KGlab3\Debug\link.8428.read.1.tlog
F:\(4 сем)компьютерная графика\KGlab3\KGlab3\Debug\link.8428.write.1.tlog
F:\(4 сем)компьютерная графика\KGlab3\KGlab3\Debug\link.4484-rc.read.1.tlog
F:\(4 сем)компьютерная графика\KGlab3\KGlab3\Debug\link.4484-rc.write.1.tlog
F:\(4 сем)компьютерная графика\KGlab3\KGlab3\Debug\link.4484-cvtres.read.1.tlog
F:\(4 сем)компьютерная графика\KGlab3\KGlab3\Debug\link.4484-cvtres.write.1.tlog
F:\(4 сем)компьютерная графика\KGlab3\KGlab3\Debug\link.4484.read.1.tlog
F:\(4 сем)компьютерная графика\KGlab3\KGlab3\Debug\link.4484.write.1.tlog
F:\(4 сем)компьютерная графика\KGlab3\KGlab3\Debug\link.read.1.tlog
F:\(4 сем)компьютерная графика\KGlab3\KGlab3\Debug\link.write.1.tlog
F:\(4 сем)компьютерная графика\KGlab3\KGlab3\Debug\CL.write.1.tlog
F:\(4 сем)компьютерная графика\KGlab3\KGlab3\Debug\link.6240-rc.read.1.tlog
F:\(4 сем)компьютерная графика\KGlab3\KGlab3\Debug\link.6240-rc.write.1.tlog
F:\(4 сем)компьютерная графика\KGlab3\KGlab3\Debug\link.6240-cvtres.read.1.tlog
F:\(4 сем)компьютерная графика\KGlab3\KGlab3\Debug\link.6240-cvtres.write.1.tlog
F:\(4 сем)компьютерная графика\KGlab3\KGlab3\Debug\link.6240.read.1.tlog
F:\(4 сем)компьютерная графика\KGlab3\KGlab3\Debug\link.6240.write.1.tlog
F:\(4 сем)компьютерная графика\KGlab3\KGlab3\Debug\CL.read.1.tlog
F:\(4 сем)компьютерная графика\KGlab3\KGlab3\Debug\KGlab3.write.1.tlog
F:\(4 сем)компьютерная графика\KGlab3\KGlab3\Debug\link.5740-rc.read.1.tlog
F:\(4 сем)компьютерная графика\KGlab3\KGlab3\Debug\link.5740-rc.write.1.tlog
F:\(4 сем)компьютерная графика\KGlab3\KGlab3\Debug\link.5740-cvtres.read.1.tlog
F:\(4 сем)компьютерная графика\KGlab3\KGlab3\Debug\link.5740-cvtres.write.1.tlog
F:\(4 сем)компьютерная графика\KGlab3\KGlab3\Debug\link.5740.read.1.tlog
F:\(4 сем)компьютерная графика\KGlab3\KGlab3\Debug\link.5740.write.1.tlog
F:\(4 сем)компьютерная графика\KGlab3\KGlab3\Debug\link.4816-rc.read.1.tlog
F:\(4 сем)компьютерная графика\KGlab3\KGlab3\Debug\link.4816-rc.write.1.tlog
F:\(4 сем)компьютерная графика\KGlab3\KGlab3\Debug\link.4816-cvtres.read.1.tlog
F:\(4 сем)компьютерная графика\KGlab3\KGlab3\Debug\link.4816-cvtres.write.1.tlog
F:\(4 сем)компьютерная графика\KGlab3\KGlab3\Debug\link.4816.read.1.tlog
F:\(4 сем)компьютерная графика\KGlab3\KGlab3\Debug\link.4816.write.1.tlog
F:\(4 сем)компьютерная графика\KGlab3\KGlab3\Debug\link.5476-rc.read.1.tlog
F:\(4 сем)компьютерная графика\KGlab3\KGlab3\Debug\link.5476-rc.write.1.tlog
F:\(4 сем)компьютерная графика\KGlab3\KGlab3\Debug\link.5476-cvtres.read.1.tlog
F:\(4 сем)компьютерная графика\KGlab3\KGlab3\Debug\link.5476-cvtres.write.1.tlog
F:\(4 сем)компьютерная графика\KGlab3\KGlab3\Debug\link.5476.read.1.tlog
F:\(4 сем)компьютерная графика\KGlab3\KGlab3\Debug\link.5476.write.1.tlog
F:\(4 сем)компьютерная графика\KGlab3\KGlab3\Debug\link.5524-rc.read.1.tlog
F:\(4 сем)компьютерная графика\KGlab3\KGlab3\Debug\link.5524-rc.write.1.tlog
F:\(4 сем)компьютерная графика\KGlab3\KGlab3\Debug\link.5524-cvtres.read.1.tlog
F:\(4 сем)компьютерная графика\KGlab3\KGlab3\Debug\link.5524-cvtres.write.1.tlog
F:\(4 сем)компьютерная графика\KGlab3\KGlab3\Debug\link.5524.read.1.tlog
F:\(4 сем)компьютерная графика\KGlab3\KGlab3\Debug\link.5524.write.1.tlog
F:\(4 сем)компьютерная графика\KGlab3\KGlab3\Debug\link.4944-rc.read.1.tlog
F:\(4 сем)компьютерная графика\KGlab3\KGlab3\Debug\link.4944-rc.write.1.tlog
F:\(4 сем)компьютерная графика\KGlab3\KGlab3\Debug\link.4944-cvtres.read.1.tlog
F:\(4 сем)компьютерная графика\KGlab3\KGlab3\Debug\vc110.pdb
F:\(4 сем)компьютерная графика\KGlab3\KGlab3\Debug\RSAENH.DLL.bi
F:\(4 сем)компьютерная графика\KGlab3\KGlab3\Debug\TZRES.DLL.bi
F:\(4 сем)компьютерная графика\KGlab3\Debug\KGlab3.pdb
F:\(4 сем)компьютерная графика\KGlab3\Debug\KGlab3.exe
F:\(4 сем)компьютерная графика\KGlab3\Debug\KGlab3.ilk
