C:\USERS\Артем\DOCUMENTS\VISUAL STUDIO 2012\PROJECTS\KGLAB2\KGLAB2\DEBUG\MYFORM.OBJ
C:\USERS\Артем\DOCUMENTS\VISUAL STUDIO 2012\PROJECTS\KGLAB2\KGLAB2\DEBUG\MAIN.OBJ
C:\USERS\Артем\DOCUMENTS\VISUAL STUDIO 2012\PROJECTS\KGLAB2\KGLAB2\DEBUG\.NETFRAMEWORK,VERSION=V4.5.ASSEMBLYATTRIBUTES.OBJ
C:\USERS\АРТЕМ\DOCUMENTS\VISUAL STUDIO 2012\PROJECTS\KGLAB2\KGLAB2\DEBUG\VC110.PDB
C:\USERS\Артем\DOCUMENTS\VISUAL STUDIO 2012\PROJECTS\KGLAB2\KGLAB2\DEBUG\FUNCS.OBJ
C:\USERS\АРТЕМ\DOCUMENTS\VISUAL STUDIO 2012\PROJECTS\KGLAB2\KGLAB2\DEBUG\FUNCS.OBJ
C:\USERS\Артем\DOCUMENTS\VISUAL STUDIO 2012\PROJECTS\KGLAB2\KGLAB2\DEBUG\PAINT.OBJ
c:\Users\Артем\documents\visual studio 2012\Projects\KGlab2\KGlab2\Debug\KGlab2.MyForm.resources
C:\Users\Артем\Documents\Visual Studio 2012\Projects\KGlab2\KGlab2\Debug\KGlab2.MyForm.resources
C:\USERS\Артем\DOCUMENTS\VISUAL STUDIO 2012\PROJECTS\KGLAB2\DEBUG\KGLAB2.ILK
C:\USERS\Артем\DOCUMENTS\VISUAL STUDIO 2012\PROJECTS\KGLAB2\DEBUG\KGLAB2.EXE
C:\USERS\АРТЕМ\DOCUMENTS\VISUAL STUDIO 2012\PROJECTS\KGLAB2\DEBUG\KGLAB2.PDB
C:\Users\Артем\Documents\Visual Studio 2012\Projects\KGlab2\KGlab2\Debug\KGlab2.vcxproj.GenerateResource.Cache
C:\Users\Артем\Documents\Visual Studio 2012\Projects\KGlab2\KGlab2\Debug\KGlab2.vcxprojResolveAssemblyReference.cache
C:\Users\Артем\Documents\Visual Studio 2012\Projects\KGlab2\KGlab2\Debug\.NETFramework,Version=v4.5.AssemblyAttributes.obj
C:\Users\Артем\Documents\Visual Studio 2012\Projects\KGlab2\KGlab2\Debug\funcs.obj
C:\Users\Артем\Documents\Visual Studio 2012\Projects\KGlab2\KGlab2\Debug\main.obj
C:\Users\Артем\Documents\Visual Studio 2012\Projects\KGlab2\KGlab2\Debug\MyForm.obj
C:\Users\Артем\Documents\Visual Studio 2012\Projects\KGlab2\KGlab2\Debug\paint.obj
C:\Users\Артем\Documents\Visual Studio 2012\Projects\KGlab2\KGlab2\Debug\cl.command.1.tlog
C:\Users\Артем\Documents\Visual Studio 2012\Projects\KGlab2\KGlab2\Debug\CL.read.1.tlog
C:\Users\Артем\Documents\Visual Studio 2012\Projects\KGlab2\KGlab2\Debug\CL.write.1.tlog
C:\Users\Артем\Documents\Visual Studio 2012\Projects\KGlab2\KGlab2\Debug\KGlab2.write.1.tlog
C:\Users\Артем\Documents\Visual Studio 2012\Projects\KGlab2\KGlab2\Debug\link.10024-cvtres.read.1.tlog
C:\Users\Артем\Documents\Visual Studio 2012\Projects\KGlab2\KGlab2\Debug\link.10024-cvtres.write.1.tlog
C:\Users\Артем\Documents\Visual Studio 2012\Projects\KGlab2\KGlab2\Debug\link.10024-rc.read.1.tlog
C:\Users\Артем\Documents\Visual Studio 2012\Projects\KGlab2\KGlab2\Debug\link.10024-rc.write.1.tlog
C:\Users\Артем\Documents\Visual Studio 2012\Projects\KGlab2\KGlab2\Debug\link.10024.read.1.tlog
C:\Users\Артем\Documents\Visual Studio 2012\Projects\KGlab2\KGlab2\Debug\link.10024.write.1.tlog
C:\Users\Артем\Documents\Visual Studio 2012\Projects\KGlab2\KGlab2\Debug\link.10144-cvtres.read.1.tlog
C:\Users\Артем\Documents\Visual Studio 2012\Projects\KGlab2\KGlab2\Debug\link.10144-cvtres.write.1.tlog
C:\Users\Артем\Documents\Visual Studio 2012\Projects\KGlab2\KGlab2\Debug\link.10144-rc.read.1.tlog
C:\Users\Артем\Documents\Visual Studio 2012\Projects\KGlab2\KGlab2\Debug\link.10144-rc.write.1.tlog
C:\Users\Артем\Documents\Visual Studio 2012\Projects\KGlab2\KGlab2\Debug\link.10144.read.1.tlog
C:\Users\Артем\Documents\Visual Studio 2012\Projects\KGlab2\KGlab2\Debug\link.10144.write.1.tlog
C:\Users\Артем\Documents\Visual Studio 2012\Projects\KGlab2\KGlab2\Debug\link.10164-cvtres.read.1.tlog
C:\Users\Артем\Documents\Visual Studio 2012\Projects\KGlab2\KGlab2\Debug\link.10164-cvtres.write.1.tlog
C:\Users\Артем\Documents\Visual Studio 2012\Projects\KGlab2\KGlab2\Debug\link.10164-rc.read.1.tlog
C:\Users\Артем\Documents\Visual Studio 2012\Projects\KGlab2\KGlab2\Debug\link.10164-rc.write.1.tlog
C:\Users\Артем\Documents\Visual Studio 2012\Projects\KGlab2\KGlab2\Debug\link.10164.read.1.tlog
C:\Users\Артем\Documents\Visual Studio 2012\Projects\KGlab2\KGlab2\Debug\link.10164.write.1.tlog
C:\Users\Артем\Documents\Visual Studio 2012\Projects\KGlab2\KGlab2\Debug\link.10212-cvtres.read.1.tlog
C:\Users\Артем\Documents\Visual Studio 2012\Projects\KGlab2\KGlab2\Debug\link.10212-cvtres.write.1.tlog
C:\Users\Артем\Documents\Visual Studio 2012\Projects\KGlab2\KGlab2\Debug\link.10212-rc.read.1.tlog
C:\Users\Артем\Documents\Visual Studio 2012\Projects\KGlab2\KGlab2\Debug\link.10212-rc.write.1.tlog
C:\Users\Артем\Documents\Visual Studio 2012\Projects\KGlab2\KGlab2\Debug\link.10212.read.1.tlog
C:\Users\Артем\Documents\Visual Studio 2012\Projects\KGlab2\KGlab2\Debug\link.10212.write.1.tlog
C:\Users\Артем\Documents\Visual Studio 2012\Projects\KGlab2\KGlab2\Debug\link.10284-cvtres.read.1.tlog
C:\Users\Артем\Documents\Visual Studio 2012\Projects\KGlab2\KGlab2\Debug\link.10284-cvtres.write.1.tlog
C:\Users\Артем\Documents\Visual Studio 2012\Projects\KGlab2\KGlab2\Debug\link.10284-rc.read.1.tlog
C:\Users\Артем\Documents\Visual Studio 2012\Projects\KGlab2\KGlab2\Debug\link.10284-rc.write.1.tlog
C:\Users\Артем\Documents\Visual Studio 2012\Projects\KGlab2\KGlab2\Debug\link.10284.read.1.tlog
C:\Users\Артем\Documents\Visual Studio 2012\Projects\KGlab2\KGlab2\Debug\link.10284.write.1.tlog
C:\Users\Артем\Documents\Visual Studio 2012\Projects\KGlab2\KGlab2\Debug\link.10324-cvtres.read.1.tlog
C:\Users\Артем\Documents\Visual Studio 2012\Projects\KGlab2\KGlab2\Debug\link.10324-cvtres.write.1.tlog
C:\Users\Артем\Documents\Visual Studio 2012\Projects\KGlab2\KGlab2\Debug\link.10324-rc.read.1.tlog
C:\Users\Артем\Documents\Visual Studio 2012\Projects\KGlab2\KGlab2\Debug\link.10324-rc.write.1.tlog
C:\Users\Артем\Documents\Visual Studio 2012\Projects\KGlab2\KGlab2\Debug\link.10324.read.1.tlog
C:\Users\Артем\Documents\Visual Studio 2012\Projects\KGlab2\KGlab2\Debug\link.10324.write.1.tlog
C:\Users\Артем\Documents\Visual Studio 2012\Projects\KGlab2\KGlab2\Debug\link.10332-cvtres.read.1.tlog
C:\Users\Артем\Documents\Visual Studio 2012\Projects\KGlab2\KGlab2\Debug\link.10332-cvtres.write.1.tlog
C:\Users\Артем\Documents\Visual Studio 2012\Projects\KGlab2\KGlab2\Debug\link.10332-rc.read.1.tlog
C:\Users\Артем\Documents\Visual Studio 2012\Projects\KGlab2\KGlab2\Debug\link.10332-rc.write.1.tlog
C:\Users\Артем\Documents\Visual Studio 2012\Projects\KGlab2\KGlab2\Debug\link.10332.read.1.tlog
C:\Users\Артем\Documents\Visual Studio 2012\Projects\KGlab2\KGlab2\Debug\link.10332.write.1.tlog
C:\Users\Артем\Documents\Visual Studio 2012\Projects\KGlab2\KGlab2\Debug\link.10404-cvtres.read.1.tlog
C:\Users\Артем\Documents\Visual Studio 2012\Projects\KGlab2\KGlab2\Debug\link.10404-cvtres.write.1.tlog
C:\Users\Артем\Documents\Visual Studio 2012\Projects\KGlab2\KGlab2\Debug\link.10404-rc.read.1.tlog
C:\Users\Артем\Documents\Visual Studio 2012\Projects\KGlab2\KGlab2\Debug\link.10404-rc.write.1.tlog
C:\Users\Артем\Documents\Visual Studio 2012\Projects\KGlab2\KGlab2\Debug\link.10404.read.1.tlog
C:\Users\Артем\Documents\Visual Studio 2012\Projects\KGlab2\KGlab2\Debug\link.10404.write.1.tlog
C:\Users\Артем\Documents\Visual Studio 2012\Projects\KGlab2\KGlab2\Debug\link.10424-cvtres.read.1.tlog
C:\Users\Артем\Documents\Visual Studio 2012\Projects\KGlab2\KGlab2\Debug\link.10424-cvtres.write.1.tlog
C:\Users\Артем\Documents\Visual Studio 2012\Projects\KGlab2\KGlab2\Debug\link.10424-rc.read.1.tlog
C:\Users\Артем\Documents\Visual Studio 2012\Projects\KGlab2\KGlab2\Debug\link.10424-rc.write.1.tlog
C:\Users\Артем\Documents\Visual Studio 2012\Projects\KGlab2\KGlab2\Debug\link.10424.read.1.tlog
C:\Users\Артем\Documents\Visual Studio 2012\Projects\KGlab2\KGlab2\Debug\link.10424.write.1.tlog
C:\Users\Артем\Documents\Visual Studio 2012\Projects\KGlab2\KGlab2\Debug\link.10476-cvtres.read.1.tlog
C:\Users\Артем\Documents\Visual Studio 2012\Projects\KGlab2\KGlab2\Debug\link.10476-cvtres.write.1.tlog
C:\Users\Артем\Documents\Visual Studio 2012\Projects\KGlab2\KGlab2\Debug\link.10476-rc.read.1.tlog
C:\Users\Артем\Documents\Visual Studio 2012\Projects\KGlab2\KGlab2\Debug\link.10476-rc.write.1.tlog
C:\Users\Артем\Documents\Visual Studio 2012\Projects\KGlab2\KGlab2\Debug\link.10476.read.1.tlog
C:\Users\Артем\Documents\Visual Studio 2012\Projects\KGlab2\KGlab2\Debug\link.10476.write.1.tlog
C:\Users\Артем\Documents\Visual Studio 2012\Projects\KGlab2\KGlab2\Debug\link.10484-cvtres.read.1.tlog
C:\Users\Артем\Documents\Visual Studio 2012\Projects\KGlab2\KGlab2\Debug\link.10484-cvtres.write.1.tlog
C:\Users\Артем\Documents\Visual Studio 2012\Projects\KGlab2\KGlab2\Debug\link.10484-rc.read.1.tlog
C:\Users\Артем\Documents\Visual Studio 2012\Projects\KGlab2\KGlab2\Debug\link.10484-rc.write.1.tlog
C:\Users\Артем\Documents\Visual Studio 2012\Projects\KGlab2\KGlab2\Debug\link.10484.read.1.tlog
C:\Users\Артем\Documents\Visual Studio 2012\Projects\KGlab2\KGlab2\Debug\link.10484.write.1.tlog
C:\Users\Артем\Documents\Visual Studio 2012\Projects\KGlab2\KGlab2\Debug\link.10488-cvtres.read.1.tlog
C:\Users\Артем\Documents\Visual Studio 2012\Projects\KGlab2\KGlab2\Debug\link.10488-cvtres.write.1.tlog
C:\Users\Артем\Documents\Visual Studio 2012\Projects\KGlab2\KGlab2\Debug\link.10488-rc.read.1.tlog
C:\Users\Артем\Documents\Visual Studio 2012\Projects\KGlab2\KGlab2\Debug\link.10488-rc.write.1.tlog
C:\Users\Артем\Documents\Visual Studio 2012\Projects\KGlab2\KGlab2\Debug\link.10488.read.1.tlog
C:\Users\Артем\Documents\Visual Studio 2012\Projects\KGlab2\KGlab2\Debug\link.10488.write.1.tlog
C:\Users\Артем\Documents\Visual Studio 2012\Projects\KGlab2\KGlab2\Debug\link.10512-cvtres.read.1.tlog
C:\Users\Артем\Documents\Visual Studio 2012\Projects\KGlab2\KGlab2\Debug\link.10512-cvtres.write.1.tlog
C:\Users\Артем\Documents\Visual Studio 2012\Projects\KGlab2\KGlab2\Debug\link.10512-rc.read.1.tlog
C:\Users\Артем\Documents\Visual Studio 2012\Projects\KGlab2\KGlab2\Debug\link.10512-rc.write.1.tlog
C:\Users\Артем\Documents\Visual Studio 2012\Projects\KGlab2\KGlab2\Debug\link.10512.read.1.tlog
C:\Users\Артем\Documents\Visual Studio 2012\Projects\KGlab2\KGlab2\Debug\link.10512.write.1.tlog
C:\Users\Артем\Documents\Visual Studio 2012\Projects\KGlab2\KGlab2\Debug\link.10584-cvtres.read.1.tlog
C:\Users\Артем\Documents\Visual Studio 2012\Projects\KGlab2\KGlab2\Debug\link.10584-cvtres.write.1.tlog
C:\Users\Артем\Documents\Visual Studio 2012\Projects\KGlab2\KGlab2\Debug\link.10584-rc.read.1.tlog
C:\Users\Артем\Documents\Visual Studio 2012\Projects\KGlab2\KGlab2\Debug\link.10584-rc.write.1.tlog
C:\Users\Артем\Documents\Visual Studio 2012\Projects\KGlab2\KGlab2\Debug\link.10584.read.1.tlog
C:\Users\Артем\Documents\Visual Studio 2012\Projects\KGlab2\KGlab2\Debug\link.10584.write.1.tlog
C:\Users\Артем\Documents\Visual Studio 2012\Projects\KGlab2\KGlab2\Debug\link.10616-cvtres.read.1.tlog
C:\Users\Артем\Documents\Visual Studio 2012\Projects\KGlab2\KGlab2\Debug\link.10616-cvtres.write.1.tlog
C:\Users\Артем\Documents\Visual Studio 2012\Projects\KGlab2\KGlab2\Debug\link.10616-rc.read.1.tlog
C:\Users\Артем\Documents\Visual Studio 2012\Projects\KGlab2\KGlab2\Debug\link.10616-rc.write.1.tlog
C:\Users\Артем\Documents\Visual Studio 2012\Projects\KGlab2\KGlab2\Debug\link.10616.read.1.tlog
C:\Users\Артем\Documents\Visual Studio 2012\Projects\KGlab2\KGlab2\Debug\link.10616.write.1.tlog
C:\Users\Артем\Documents\Visual Studio 2012\Projects\KGlab2\KGlab2\Debug\link.10656-cvtres.read.1.tlog
C:\Users\Артем\Documents\Visual Studio 2012\Projects\KGlab2\KGlab2\Debug\link.10656-cvtres.write.1.tlog
C:\Users\Артем\Documents\Visual Studio 2012\Projects\KGlab2\KGlab2\Debug\link.10656-rc.read.1.tlog
C:\Users\Артем\Documents\Visual Studio 2012\Projects\KGlab2\KGlab2\Debug\link.10656-rc.write.1.tlog
C:\Users\Артем\Documents\Visual Studio 2012\Projects\KGlab2\KGlab2\Debug\link.10656.read.1.tlog
C:\Users\Артем\Documents\Visual Studio 2012\Projects\KGlab2\KGlab2\Debug\link.10656.write.1.tlog
C:\Users\Артем\Documents\Visual Studio 2012\Projects\KGlab2\KGlab2\Debug\link.10676-cvtres.read.1.tlog
C:\Users\Артем\Documents\Visual Studio 2012\Projects\KGlab2\KGlab2\Debug\link.10676-cvtres.write.1.tlog
C:\Users\Артем\Documents\Visual Studio 2012\Projects\KGlab2\KGlab2\Debug\link.10676-rc.read.1.tlog
C:\Users\Артем\Documents\Visual Studio 2012\Projects\KGlab2\KGlab2\Debug\link.10676-rc.write.1.tlog
C:\Users\Артем\Documents\Visual Studio 2012\Projects\KGlab2\KGlab2\Debug\link.10676.read.1.tlog
C:\Users\Артем\Documents\Visual Studio 2012\Projects\KGlab2\KGlab2\Debug\link.10676.write.1.tlog
C:\Users\Артем\Documents\Visual Studio 2012\Projects\KGlab2\KGlab2\Debug\link.10688-cvtres.read.1.tlog
C:\Users\Артем\Documents\Visual Studio 2012\Projects\KGlab2\KGlab2\Debug\link.10688-cvtres.write.1.tlog
C:\Users\Артем\Documents\Visual Studio 2012\Projects\KGlab2\KGlab2\Debug\link.10688-rc.read.1.tlog
C:\Users\Артем\Documents\Visual Studio 2012\Projects\KGlab2\KGlab2\Debug\link.10688-rc.write.1.tlog
C:\Users\Артем\Documents\Visual Studio 2012\Projects\KGlab2\KGlab2\Debug\link.10688.read.1.tlog
C:\Users\Артем\Documents\Visual Studio 2012\Projects\KGlab2\KGlab2\Debug\link.10688.write.1.tlog
C:\Users\Артем\Documents\Visual Studio 2012\Projects\KGlab2\KGlab2\Debug\link.10700-cvtres.read.1.tlog
C:\Users\Артем\Documents\Visual Studio 2012\Projects\KGlab2\KGlab2\Debug\link.10700-cvtres.write.1.tlog
C:\Users\Артем\Documents\Visual Studio 2012\Projects\KGlab2\KGlab2\Debug\link.10700-rc.read.1.tlog
C:\Users\Артем\Documents\Visual Studio 2012\Projects\KGlab2\KGlab2\Debug\link.10700-rc.write.1.tlog
C:\Users\Артем\Documents\Visual Studio 2012\Projects\KGlab2\KGlab2\Debug\link.10700.read.1.tlog
C:\Users\Артем\Documents\Visual Studio 2012\Projects\KGlab2\KGlab2\Debug\link.10700.write.1.tlog
C:\Users\Артем\Documents\Visual Studio 2012\Projects\KGlab2\KGlab2\Debug\link.10804-cvtres.read.1.tlog
C:\Users\Артем\Documents\Visual Studio 2012\Projects\KGlab2\KGlab2\Debug\link.10804-cvtres.write.1.tlog
C:\Users\Артем\Documents\Visual Studio 2012\Projects\KGlab2\KGlab2\Debug\link.10804-rc.read.1.tlog
C:\Users\Артем\Documents\Visual Studio 2012\Projects\KGlab2\KGlab2\Debug\link.10804-rc.write.1.tlog
C:\Users\Артем\Documents\Visual Studio 2012\Projects\KGlab2\KGlab2\Debug\link.10804.read.1.tlog
C:\Users\Артем\Documents\Visual Studio 2012\Projects\KGlab2\KGlab2\Debug\link.10804.write.1.tlog
C:\Users\Артем\Documents\Visual Studio 2012\Projects\KGlab2\KGlab2\Debug\link.10832-cvtres.read.1.tlog
C:\Users\Артем\Documents\Visual Studio 2012\Projects\KGlab2\KGlab2\Debug\link.10832-cvtres.write.1.tlog
C:\Users\Артем\Documents\Visual Studio 2012\Projects\KGlab2\KGlab2\Debug\link.10832-rc.read.1.tlog
C:\Users\Артем\Documents\Visual Studio 2012\Projects\KGlab2\KGlab2\Debug\link.10832-rc.write.1.tlog
C:\Users\Артем\Documents\Visual Studio 2012\Projects\KGlab2\KGlab2\Debug\link.10832.read.1.tlog
C:\Users\Артем\Documents\Visual Studio 2012\Projects\KGlab2\KGlab2\Debug\link.10832.write.1.tlog
C:\Users\Артем\Documents\Visual Studio 2012\Projects\KGlab2\KGlab2\Debug\link.10848-cvtres.read.1.tlog
C:\Users\Артем\Documents\Visual Studio 2012\Projects\KGlab2\KGlab2\Debug\link.10848-cvtres.write.1.tlog
C:\Users\Артем\Documents\Visual Studio 2012\Projects\KGlab2\KGlab2\Debug\link.10848-rc.read.1.tlog
C:\Users\Артем\Documents\Visual Studio 2012\Projects\KGlab2\KGlab2\Debug\link.10848-rc.write.1.tlog
C:\Users\Артем\Documents\Visual Studio 2012\Projects\KGlab2\KGlab2\Debug\link.10848.read.1.tlog
C:\Users\Артем\Documents\Visual Studio 2012\Projects\KGlab2\KGlab2\Debug\link.10848.write.1.tlog
C:\Users\Артем\Documents\Visual Studio 2012\Projects\KGlab2\KGlab2\Debug\link.10892-cvtres.read.1.tlog
C:\Users\Артем\Documents\Visual Studio 2012\Projects\KGlab2\KGlab2\Debug\link.10892-cvtres.write.1.tlog
C:\Users\Артем\Documents\Visual Studio 2012\Projects\KGlab2\KGlab2\Debug\link.10892-rc.read.1.tlog
C:\Users\Артем\Documents\Visual Studio 2012\Projects\KGlab2\KGlab2\Debug\link.10892-rc.write.1.tlog
C:\Users\Артем\Documents\Visual Studio 2012\Projects\KGlab2\KGlab2\Debug\link.10892.read.1.tlog
C:\Users\Артем\Documents\Visual Studio 2012\Projects\KGlab2\KGlab2\Debug\link.10892.write.1.tlog
C:\Users\Артем\Documents\Visual Studio 2012\Projects\KGlab2\KGlab2\Debug\link.10904-cvtres.read.1.tlog
C:\Users\Артем\Documents\Visual Studio 2012\Projects\KGlab2\KGlab2\Debug\link.10904-cvtres.write.1.tlog
C:\Users\Артем\Documents\Visual Studio 2012\Projects\KGlab2\KGlab2\Debug\link.10904-rc.read.1.tlog
C:\Users\Артем\Documents\Visual Studio 2012\Projects\KGlab2\KGlab2\Debug\link.10904-rc.write.1.tlog
C:\Users\Артем\Documents\Visual Studio 2012\Projects\KGlab2\KGlab2\Debug\link.10904.read.1.tlog
C:\Users\Артем\Documents\Visual Studio 2012\Projects\KGlab2\KGlab2\Debug\link.10904.write.1.tlog
C:\Users\Артем\Documents\Visual Studio 2012\Projects\KGlab2\KGlab2\Debug\link.10992-cvtres.read.1.tlog
C:\Users\Артем\Documents\Visual Studio 2012\Projects\KGlab2\KGlab2\Debug\link.10992-cvtres.write.1.tlog
C:\Users\Артем\Documents\Visual Studio 2012\Projects\KGlab2\KGlab2\Debug\link.10992-rc.read.1.tlog
C:\Users\Артем\Documents\Visual Studio 2012\Projects\KGlab2\KGlab2\Debug\link.10992-rc.write.1.tlog
C:\Users\Артем\Documents\Visual Studio 2012\Projects\KGlab2\KGlab2\Debug\link.10992.read.1.tlog
C:\Users\Артем\Documents\Visual Studio 2012\Projects\KGlab2\KGlab2\Debug\link.10992.write.1.tlog
C:\Users\Артем\Documents\Visual Studio 2012\Projects\KGlab2\KGlab2\Debug\link.11060-cvtres.read.1.tlog
C:\Users\Артем\Documents\Visual Studio 2012\Projects\KGlab2\KGlab2\Debug\link.11060-cvtres.write.1.tlog
C:\Users\Артем\Documents\Visual Studio 2012\Projects\KGlab2\KGlab2\Debug\link.11060-rc.read.1.tlog
C:\Users\Артем\Documents\Visual Studio 2012\Projects\KGlab2\KGlab2\Debug\link.11060-rc.write.1.tlog
C:\Users\Артем\Documents\Visual Studio 2012\Projects\KGlab2\KGlab2\Debug\link.11060.read.1.tlog
C:\Users\Артем\Documents\Visual Studio 2012\Projects\KGlab2\KGlab2\Debug\link.11060.write.1.tlog
C:\Users\Артем\Documents\Visual Studio 2012\Projects\KGlab2\KGlab2\Debug\link.11112-cvtres.read.1.tlog
C:\Users\Артем\Documents\Visual Studio 2012\Projects\KGlab2\KGlab2\Debug\link.11112-cvtres.write.1.tlog
C:\Users\Артем\Documents\Visual Studio 2012\Projects\KGlab2\KGlab2\Debug\link.11112-rc.read.1.tlog
C:\Users\Артем\Documents\Visual Studio 2012\Projects\KGlab2\KGlab2\Debug\link.11112-rc.write.1.tlog
C:\Users\Артем\Documents\Visual Studio 2012\Projects\KGlab2\KGlab2\Debug\link.11112.read.1.tlog
C:\Users\Артем\Documents\Visual Studio 2012\Projects\KGlab2\KGlab2\Debug\link.11112.write.1.tlog
C:\Users\Артем\Documents\Visual Studio 2012\Projects\KGlab2\KGlab2\Debug\link.11128-cvtres.read.1.tlog
C:\Users\Артем\Documents\Visual Studio 2012\Projects\KGlab2\KGlab2\Debug\link.11128-cvtres.write.1.tlog
C:\Users\Артем\Documents\Visual Studio 2012\Projects\KGlab2\KGlab2\Debug\link.11128-rc.read.1.tlog
C:\Users\Артем\Documents\Visual Studio 2012\Projects\KGlab2\KGlab2\Debug\link.11128-rc.write.1.tlog
C:\Users\Артем\Documents\Visual Studio 2012\Projects\KGlab2\KGlab2\Debug\link.11128.read.1.tlog
C:\Users\Артем\Documents\Visual Studio 2012\Projects\KGlab2\KGlab2\Debug\link.11128.write.1.tlog
C:\Users\Артем\Documents\Visual Studio 2012\Projects\KGlab2\KGlab2\Debug\link.11136-cvtres.read.1.tlog
C:\Users\Артем\Documents\Visual Studio 2012\Projects\KGlab2\KGlab2\Debug\link.11136-cvtres.write.1.tlog
C:\Users\Артем\Documents\Visual Studio 2012\Projects\KGlab2\KGlab2\Debug\link.11136-rc.read.1.tlog
C:\Users\Артем\Documents\Visual Studio 2012\Projects\KGlab2\KGlab2\Debug\link.11136-rc.write.1.tlog
C:\Users\Артем\Documents\Visual Studio 2012\Projects\KGlab2\KGlab2\Debug\link.11136.read.1.tlog
C:\Users\Артем\Documents\Visual Studio 2012\Projects\KGlab2\KGlab2\Debug\link.11136.write.1.tlog
C:\Users\Артем\Documents\Visual Studio 2012\Projects\KGlab2\KGlab2\Debug\link.11176-cvtres.read.1.tlog
C:\Users\Артем\Documents\Visual Studio 2012\Projects\KGlab2\KGlab2\Debug\link.11176-cvtres.write.1.tlog
C:\Users\Артем\Documents\Visual Studio 2012\Projects\KGlab2\KGlab2\Debug\link.11176-rc.read.1.tlog
C:\Users\Артем\Documents\Visual Studio 2012\Projects\KGlab2\KGlab2\Debug\link.11176-rc.write.1.tlog
C:\Users\Артем\Documents\Visual Studio 2012\Projects\KGlab2\KGlab2\Debug\link.11176.read.1.tlog
C:\Users\Артем\Documents\Visual Studio 2012\Projects\KGlab2\KGlab2\Debug\link.11176.write.1.tlog
C:\Users\Артем\Documents\Visual Studio 2012\Projects\KGlab2\KGlab2\Debug\link.11216-cvtres.read.1.tlog
C:\Users\Артем\Documents\Visual Studio 2012\Projects\KGlab2\KGlab2\Debug\link.11216-cvtres.write.1.tlog
C:\Users\Артем\Documents\Visual Studio 2012\Projects\KGlab2\KGlab2\Debug\link.11216-rc.read.1.tlog
C:\Users\Артем\Documents\Visual Studio 2012\Projects\KGlab2\KGlab2\Debug\link.11216-rc.write.1.tlog
C:\Users\Артем\Documents\Visual Studio 2012\Projects\KGlab2\KGlab2\Debug\link.11216.read.1.tlog
C:\Users\Артем\Documents\Visual Studio 2012\Projects\KGlab2\KGlab2\Debug\link.11216.write.1.tlog
C:\Users\Артем\Documents\Visual Studio 2012\Projects\KGlab2\KGlab2\Debug\link.1240-cvtres.read.1.tlog
C:\Users\Артем\Documents\Visual Studio 2012\Projects\KGlab2\KGlab2\Debug\link.1240-cvtres.write.1.tlog
C:\Users\Артем\Documents\Visual Studio 2012\Projects\KGlab2\KGlab2\Debug\link.1240-rc.read.1.tlog
C:\Users\Артем\Documents\Visual Studio 2012\Projects\KGlab2\KGlab2\Debug\link.1240-rc.write.1.tlog
C:\Users\Артем\Documents\Visual Studio 2012\Projects\KGlab2\KGlab2\Debug\link.1240.read.1.tlog
C:\Users\Артем\Documents\Visual Studio 2012\Projects\KGlab2\KGlab2\Debug\link.1240.write.1.tlog
C:\Users\Артем\Documents\Visual Studio 2012\Projects\KGlab2\KGlab2\Debug\link.2148-cvtres.read.1.tlog
C:\Users\Артем\Documents\Visual Studio 2012\Projects\KGlab2\KGlab2\Debug\link.2148-cvtres.write.1.tlog
C:\Users\Артем\Documents\Visual Studio 2012\Projects\KGlab2\KGlab2\Debug\link.2148-rc.read.1.tlog
C:\Users\Артем\Documents\Visual Studio 2012\Projects\KGlab2\KGlab2\Debug\link.2148-rc.write.1.tlog
C:\Users\Артем\Documents\Visual Studio 2012\Projects\KGlab2\KGlab2\Debug\link.2148.read.1.tlog
C:\Users\Артем\Documents\Visual Studio 2012\Projects\KGlab2\KGlab2\Debug\link.2148.write.1.tlog
C:\Users\Артем\Documents\Visual Studio 2012\Projects\KGlab2\KGlab2\Debug\link.2752-cvtres.read.1.tlog
C:\Users\Артем\Documents\Visual Studio 2012\Projects\KGlab2\KGlab2\Debug\link.2752-cvtres.write.1.tlog
C:\Users\Артем\Documents\Visual Studio 2012\Projects\KGlab2\KGlab2\Debug\link.2752-rc.read.1.tlog
C:\Users\Артем\Documents\Visual Studio 2012\Projects\KGlab2\KGlab2\Debug\link.2752-rc.write.1.tlog
C:\Users\Артем\Documents\Visual Studio 2012\Projects\KGlab2\KGlab2\Debug\link.2752.read.1.tlog
C:\Users\Артем\Documents\Visual Studio 2012\Projects\KGlab2\KGlab2\Debug\link.2752.write.1.tlog
C:\Users\Артем\Documents\Visual Studio 2012\Projects\KGlab2\KGlab2\Debug\link.3212-cvtres.read.1.tlog
C:\Users\Артем\Documents\Visual Studio 2012\Projects\KGlab2\KGlab2\Debug\link.3212-cvtres.write.1.tlog
C:\Users\Артем\Documents\Visual Studio 2012\Projects\KGlab2\KGlab2\Debug\link.3212-rc.read.1.tlog
C:\Users\Артем\Documents\Visual Studio 2012\Projects\KGlab2\KGlab2\Debug\link.3212-rc.write.1.tlog
C:\Users\Артем\Documents\Visual Studio 2012\Projects\KGlab2\KGlab2\Debug\link.3212.read.1.tlog
C:\Users\Артем\Documents\Visual Studio 2012\Projects\KGlab2\KGlab2\Debug\link.3212.write.1.tlog
C:\Users\Артем\Documents\Visual Studio 2012\Projects\KGlab2\KGlab2\Debug\link.3296-cvtres.read.1.tlog
C:\Users\Артем\Documents\Visual Studio 2012\Projects\KGlab2\KGlab2\Debug\link.3296-cvtres.write.1.tlog
C:\Users\Артем\Documents\Visual Studio 2012\Projects\KGlab2\KGlab2\Debug\link.3296-rc.read.1.tlog
C:\Users\Артем\Documents\Visual Studio 2012\Projects\KGlab2\KGlab2\Debug\link.3296-rc.write.1.tlog
C:\Users\Артем\Documents\Visual Studio 2012\Projects\KGlab2\KGlab2\Debug\link.3296.read.1.tlog
C:\Users\Артем\Documents\Visual Studio 2012\Projects\KGlab2\KGlab2\Debug\link.3296.write.1.tlog
C:\Users\Артем\Documents\Visual Studio 2012\Projects\KGlab2\KGlab2\Debug\link.3320-cvtres.read.1.tlog
C:\Users\Артем\Documents\Visual Studio 2012\Projects\KGlab2\KGlab2\Debug\link.3320-cvtres.write.1.tlog
C:\Users\Артем\Documents\Visual Studio 2012\Projects\KGlab2\KGlab2\Debug\link.3320-rc.read.1.tlog
C:\Users\Артем\Documents\Visual Studio 2012\Projects\KGlab2\KGlab2\Debug\link.3320-rc.write.1.tlog
C:\Users\Артем\Documents\Visual Studio 2012\Projects\KGlab2\KGlab2\Debug\link.3320.read.1.tlog
C:\Users\Артем\Documents\Visual Studio 2012\Projects\KGlab2\KGlab2\Debug\link.3320.write.1.tlog
C:\Users\Артем\Documents\Visual Studio 2012\Projects\KGlab2\KGlab2\Debug\link.3336-cvtres.read.1.tlog
C:\Users\Артем\Documents\Visual Studio 2012\Projects\KGlab2\KGlab2\Debug\link.3336-cvtres.write.1.tlog
C:\Users\Артем\Documents\Visual Studio 2012\Projects\KGlab2\KGlab2\Debug\link.3336-rc.read.1.tlog
C:\Users\Артем\Documents\Visual Studio 2012\Projects\KGlab2\KGlab2\Debug\link.3336-rc.write.1.tlog
C:\Users\Артем\Documents\Visual Studio 2012\Projects\KGlab2\KGlab2\Debug\link.3336.read.1.tlog
C:\Users\Артем\Documents\Visual Studio 2012\Projects\KGlab2\KGlab2\Debug\link.3336.write.1.tlog
C:\Users\Артем\Documents\Visual Studio 2012\Projects\KGlab2\KGlab2\Debug\link.3492-cvtres.read.1.tlog
C:\Users\Артем\Documents\Visual Studio 2012\Projects\KGlab2\KGlab2\Debug\link.3492-cvtres.write.1.tlog
C:\Users\Артем\Documents\Visual Studio 2012\Projects\KGlab2\KGlab2\Debug\link.3492-rc.read.1.tlog
C:\Users\Артем\Documents\Visual Studio 2012\Projects\KGlab2\KGlab2\Debug\link.3492-rc.write.1.tlog
C:\Users\Артем\Documents\Visual Studio 2012\Projects\KGlab2\KGlab2\Debug\link.3492.read.1.tlog
C:\Users\Артем\Documents\Visual Studio 2012\Projects\KGlab2\KGlab2\Debug\link.3492.write.1.tlog
C:\Users\Артем\Documents\Visual Studio 2012\Projects\KGlab2\KGlab2\Debug\link.3656-cvtres.read.1.tlog
C:\Users\Артем\Documents\Visual Studio 2012\Projects\KGlab2\KGlab2\Debug\link.3656-cvtres.write.1.tlog
C:\Users\Артем\Documents\Visual Studio 2012\Projects\KGlab2\KGlab2\Debug\link.3656-rc.read.1.tlog
C:\Users\Артем\Documents\Visual Studio 2012\Projects\KGlab2\KGlab2\Debug\link.3656-rc.write.1.tlog
C:\Users\Артем\Documents\Visual Studio 2012\Projects\KGlab2\KGlab2\Debug\link.3656.read.1.tlog
C:\Users\Артем\Documents\Visual Studio 2012\Projects\KGlab2\KGlab2\Debug\link.3656.write.1.tlog
C:\Users\Артем\Documents\Visual Studio 2012\Projects\KGlab2\KGlab2\Debug\link.3976-cvtres.read.1.tlog
C:\Users\Артем\Documents\Visual Studio 2012\Projects\KGlab2\KGlab2\Debug\link.3976-cvtres.write.1.tlog
C:\Users\Артем\Documents\Visual Studio 2012\Projects\KGlab2\KGlab2\Debug\link.3976-rc.read.1.tlog
C:\Users\Артем\Documents\Visual Studio 2012\Projects\KGlab2\KGlab2\Debug\link.3976-rc.write.1.tlog
C:\Users\Артем\Documents\Visual Studio 2012\Projects\KGlab2\KGlab2\Debug\link.3976.read.1.tlog
C:\Users\Артем\Documents\Visual Studio 2012\Projects\KGlab2\KGlab2\Debug\link.3976.write.1.tlog
C:\Users\Артем\Documents\Visual Studio 2012\Projects\KGlab2\KGlab2\Debug\link.4536-cvtres.read.1.tlog
C:\Users\Артем\Documents\Visual Studio 2012\Projects\KGlab2\KGlab2\Debug\link.4536-cvtres.write.1.tlog
C:\Users\Артем\Documents\Visual Studio 2012\Projects\KGlab2\KGlab2\Debug\link.4536-rc.read.1.tlog
C:\Users\Артем\Documents\Visual Studio 2012\Projects\KGlab2\KGlab2\Debug\link.4536-rc.write.1.tlog
C:\Users\Артем\Documents\Visual Studio 2012\Projects\KGlab2\KGlab2\Debug\link.4536.read.1.tlog
C:\Users\Артем\Documents\Visual Studio 2012\Projects\KGlab2\KGlab2\Debug\link.4536.write.1.tlog
C:\Users\Артем\Documents\Visual Studio 2012\Projects\KGlab2\KGlab2\Debug\link.4724-cvtres.read.1.tlog
C:\Users\Артем\Documents\Visual Studio 2012\Projects\KGlab2\KGlab2\Debug\link.4724-cvtres.write.1.tlog
C:\Users\Артем\Documents\Visual Studio 2012\Projects\KGlab2\KGlab2\Debug\link.4724-rc.read.1.tlog
C:\Users\Артем\Documents\Visual Studio 2012\Projects\KGlab2\KGlab2\Debug\link.4724-rc.write.1.tlog
C:\Users\Артем\Documents\Visual Studio 2012\Projects\KGlab2\KGlab2\Debug\link.4724.read.1.tlog
C:\Users\Артем\Documents\Visual Studio 2012\Projects\KGlab2\KGlab2\Debug\link.4724.write.1.tlog
C:\Users\Артем\Documents\Visual Studio 2012\Projects\KGlab2\KGlab2\Debug\link.5028-cvtres.read.1.tlog
C:\Users\Артем\Documents\Visual Studio 2012\Projects\KGlab2\KGlab2\Debug\link.5028-cvtres.write.1.tlog
C:\Users\Артем\Documents\Visual Studio 2012\Projects\KGlab2\KGlab2\Debug\link.5028-rc.read.1.tlog
C:\Users\Артем\Documents\Visual Studio 2012\Projects\KGlab2\KGlab2\Debug\link.5028-rc.write.1.tlog
C:\Users\Артем\Documents\Visual Studio 2012\Projects\KGlab2\KGlab2\Debug\link.5028.read.1.tlog
C:\Users\Артем\Documents\Visual Studio 2012\Projects\KGlab2\KGlab2\Debug\link.5028.write.1.tlog
C:\Users\Артем\Documents\Visual Studio 2012\Projects\KGlab2\KGlab2\Debug\link.5160-cvtres.read.1.tlog
C:\Users\Артем\Documents\Visual Studio 2012\Projects\KGlab2\KGlab2\Debug\link.5160-cvtres.write.1.tlog
C:\Users\Артем\Documents\Visual Studio 2012\Projects\KGlab2\KGlab2\Debug\link.5160-rc.read.1.tlog
C:\Users\Артем\Documents\Visual Studio 2012\Projects\KGlab2\KGlab2\Debug\link.5160-rc.write.1.tlog
C:\Users\Артем\Documents\Visual Studio 2012\Projects\KGlab2\KGlab2\Debug\link.5160.read.1.tlog
C:\Users\Артем\Documents\Visual Studio 2012\Projects\KGlab2\KGlab2\Debug\link.5160.write.1.tlog
C:\Users\Артем\Documents\Visual Studio 2012\Projects\KGlab2\KGlab2\Debug\link.5444-cvtres.read.1.tlog
C:\Users\Артем\Documents\Visual Studio 2012\Projects\KGlab2\KGlab2\Debug\link.5444-cvtres.write.1.tlog
C:\Users\Артем\Documents\Visual Studio 2012\Projects\KGlab2\KGlab2\Debug\link.5444-rc.read.1.tlog
C:\Users\Артем\Documents\Visual Studio 2012\Projects\KGlab2\KGlab2\Debug\link.5444-rc.write.1.tlog
C:\Users\Артем\Documents\Visual Studio 2012\Projects\KGlab2\KGlab2\Debug\link.5444.read.1.tlog
C:\Users\Артем\Documents\Visual Studio 2012\Projects\KGlab2\KGlab2\Debug\link.5444.write.1.tlog
C:\Users\Артем\Documents\Visual Studio 2012\Projects\KGlab2\KGlab2\Debug\link.5524-cvtres.read.1.tlog
C:\Users\Артем\Documents\Visual Studio 2012\Projects\KGlab2\KGlab2\Debug\link.5524-cvtres.write.1.tlog
C:\Users\Артем\Documents\Visual Studio 2012\Projects\KGlab2\KGlab2\Debug\link.5524-rc.read.1.tlog
C:\Users\Артем\Documents\Visual Studio 2012\Projects\KGlab2\KGlab2\Debug\link.5524-rc.write.1.tlog
C:\Users\Артем\Documents\Visual Studio 2012\Projects\KGlab2\KGlab2\Debug\link.5524.read.1.tlog
C:\Users\Артем\Documents\Visual Studio 2012\Projects\KGlab2\KGlab2\Debug\link.5524.write.1.tlog
C:\Users\Артем\Documents\Visual Studio 2012\Projects\KGlab2\KGlab2\Debug\link.5572-cvtres.read.1.tlog
C:\Users\Артем\Documents\Visual Studio 2012\Projects\KGlab2\KGlab2\Debug\link.5572-cvtres.write.1.tlog
C:\Users\Артем\Documents\Visual Studio 2012\Projects\KGlab2\KGlab2\Debug\link.5572-rc.read.1.tlog
C:\Users\Артем\Documents\Visual Studio 2012\Projects\KGlab2\KGlab2\Debug\link.5572-rc.write.1.tlog
C:\Users\Артем\Documents\Visual Studio 2012\Projects\KGlab2\KGlab2\Debug\link.5572.read.1.tlog
C:\Users\Артем\Documents\Visual Studio 2012\Projects\KGlab2\KGlab2\Debug\link.5572.write.1.tlog
C:\Users\Артем\Documents\Visual Studio 2012\Projects\KGlab2\KGlab2\Debug\link.5596-cvtres.read.1.tlog
C:\Users\Артем\Documents\Visual Studio 2012\Projects\KGlab2\KGlab2\Debug\link.5596-cvtres.write.1.tlog
C:\Users\Артем\Documents\Visual Studio 2012\Projects\KGlab2\KGlab2\Debug\link.5596-rc.read.1.tlog
C:\Users\Артем\Documents\Visual Studio 2012\Projects\KGlab2\KGlab2\Debug\link.5596-rc.write.1.tlog
C:\Users\Артем\Documents\Visual Studio 2012\Projects\KGlab2\KGlab2\Debug\link.5596.read.1.tlog
C:\Users\Артем\Documents\Visual Studio 2012\Projects\KGlab2\KGlab2\Debug\link.5596.write.1.tlog
C:\Users\Артем\Documents\Visual Studio 2012\Projects\KGlab2\KGlab2\Debug\link.5700-cvtres.read.1.tlog
C:\Users\Артем\Documents\Visual Studio 2012\Projects\KGlab2\KGlab2\Debug\link.5700-cvtres.write.1.tlog
C:\Users\Артем\Documents\Visual Studio 2012\Projects\KGlab2\KGlab2\Debug\link.5700-rc.read.1.tlog
C:\Users\Артем\Documents\Visual Studio 2012\Projects\KGlab2\KGlab2\Debug\link.5700-rc.write.1.tlog
C:\Users\Артем\Documents\Visual Studio 2012\Projects\KGlab2\KGlab2\Debug\link.5700.read.1.tlog
C:\Users\Артем\Documents\Visual Studio 2012\Projects\KGlab2\KGlab2\Debug\link.5700.write.1.tlog
C:\Users\Артем\Documents\Visual Studio 2012\Projects\KGlab2\KGlab2\Debug\link.5916-cvtres.read.1.tlog
C:\Users\Артем\Documents\Visual Studio 2012\Projects\KGlab2\KGlab2\Debug\link.5916-cvtres.write.1.tlog
C:\Users\Артем\Documents\Visual Studio 2012\Projects\KGlab2\KGlab2\Debug\link.5916-rc.read.1.tlog
C:\Users\Артем\Documents\Visual Studio 2012\Projects\KGlab2\KGlab2\Debug\link.5916-rc.write.1.tlog
C:\Users\Артем\Documents\Visual Studio 2012\Projects\KGlab2\KGlab2\Debug\link.5916.read.1.tlog
C:\Users\Артем\Documents\Visual Studio 2012\Projects\KGlab2\KGlab2\Debug\link.5916.write.1.tlog
C:\Users\Артем\Documents\Visual Studio 2012\Projects\KGlab2\KGlab2\Debug\link.6176-cvtres.read.1.tlog
C:\Users\Артем\Documents\Visual Studio 2012\Projects\KGlab2\KGlab2\Debug\link.6176-cvtres.write.1.tlog
C:\Users\Артем\Documents\Visual Studio 2012\Projects\KGlab2\KGlab2\Debug\link.6176-rc.read.1.tlog
C:\Users\Артем\Documents\Visual Studio 2012\Projects\KGlab2\KGlab2\Debug\link.6176-rc.write.1.tlog
C:\Users\Артем\Documents\Visual Studio 2012\Projects\KGlab2\KGlab2\Debug\link.6176.read.1.tlog
C:\Users\Артем\Documents\Visual Studio 2012\Projects\KGlab2\KGlab2\Debug\link.6176.write.1.tlog
C:\Users\Артем\Documents\Visual Studio 2012\Projects\KGlab2\KGlab2\Debug\link.6224-cvtres.read.1.tlog
C:\Users\Артем\Documents\Visual Studio 2012\Projects\KGlab2\KGlab2\Debug\link.6224-cvtres.write.1.tlog
C:\Users\Артем\Documents\Visual Studio 2012\Projects\KGlab2\KGlab2\Debug\link.6224-rc.read.1.tlog
C:\Users\Артем\Documents\Visual Studio 2012\Projects\KGlab2\KGlab2\Debug\link.6224-rc.write.1.tlog
C:\Users\Артем\Documents\Visual Studio 2012\Projects\KGlab2\KGlab2\Debug\link.6224.read.1.tlog
C:\Users\Артем\Documents\Visual Studio 2012\Projects\KGlab2\KGlab2\Debug\link.6224.write.1.tlog
C:\Users\Артем\Documents\Visual Studio 2012\Projects\KGlab2\KGlab2\Debug\link.6348-cvtres.read.1.tlog
C:\Users\Артем\Documents\Visual Studio 2012\Projects\KGlab2\KGlab2\Debug\link.6348-cvtres.write.1.tlog
C:\Users\Артем\Documents\Visual Studio 2012\Projects\KGlab2\KGlab2\Debug\link.6348-rc.read.1.tlog
C:\Users\Артем\Documents\Visual Studio 2012\Projects\KGlab2\KGlab2\Debug\link.6348-rc.write.1.tlog
C:\Users\Артем\Documents\Visual Studio 2012\Projects\KGlab2\KGlab2\Debug\link.6348.read.1.tlog
C:\Users\Артем\Documents\Visual Studio 2012\Projects\KGlab2\KGlab2\Debug\link.6348.write.1.tlog
C:\Users\Артем\Documents\Visual Studio 2012\Projects\KGlab2\KGlab2\Debug\link.6548-cvtres.read.1.tlog
C:\Users\Артем\Documents\Visual Studio 2012\Projects\KGlab2\KGlab2\Debug\link.6548-cvtres.write.1.tlog
C:\Users\Артем\Documents\Visual Studio 2012\Projects\KGlab2\KGlab2\Debug\link.6548-rc.read.1.tlog
C:\Users\Артем\Documents\Visual Studio 2012\Projects\KGlab2\KGlab2\Debug\link.6548-rc.write.1.tlog
C:\Users\Артем\Documents\Visual Studio 2012\Projects\KGlab2\KGlab2\Debug\link.6548.read.1.tlog
C:\Users\Артем\Documents\Visual Studio 2012\Projects\KGlab2\KGlab2\Debug\link.6548.write.1.tlog
C:\Users\Артем\Documents\Visual Studio 2012\Projects\KGlab2\KGlab2\Debug\link.6644-cvtres.read.1.tlog
C:\Users\Артем\Documents\Visual Studio 2012\Projects\KGlab2\KGlab2\Debug\link.6644-cvtres.write.1.tlog
C:\Users\Артем\Documents\Visual Studio 2012\Projects\KGlab2\KGlab2\Debug\link.6644-rc.read.1.tlog
C:\Users\Артем\Documents\Visual Studio 2012\Projects\KGlab2\KGlab2\Debug\link.6644-rc.write.1.tlog
C:\Users\Артем\Documents\Visual Studio 2012\Projects\KGlab2\KGlab2\Debug\link.6644.read.1.tlog
C:\Users\Артем\Documents\Visual Studio 2012\Projects\KGlab2\KGlab2\Debug\link.6644.write.1.tlog
C:\Users\Артем\Documents\Visual Studio 2012\Projects\KGlab2\KGlab2\Debug\link.6916-cvtres.read.1.tlog
C:\Users\Артем\Documents\Visual Studio 2012\Projects\KGlab2\KGlab2\Debug\link.6916-cvtres.write.1.tlog
C:\Users\Артем\Documents\Visual Studio 2012\Projects\KGlab2\KGlab2\Debug\link.6916-rc.read.1.tlog
C:\Users\Артем\Documents\Visual Studio 2012\Projects\KGlab2\KGlab2\Debug\link.6916-rc.write.1.tlog
C:\Users\Артем\Documents\Visual Studio 2012\Projects\KGlab2\KGlab2\Debug\link.6916.read.1.tlog
C:\Users\Артем\Documents\Visual Studio 2012\Projects\KGlab2\KGlab2\Debug\link.6916.write.1.tlog
C:\Users\Артем\Documents\Visual Studio 2012\Projects\KGlab2\KGlab2\Debug\link.7216-cvtres.read.1.tlog
C:\Users\Артем\Documents\Visual Studio 2012\Projects\KGlab2\KGlab2\Debug\link.7216-cvtres.write.1.tlog
C:\Users\Артем\Documents\Visual Studio 2012\Projects\KGlab2\KGlab2\Debug\link.7216-rc.read.1.tlog
C:\Users\Артем\Documents\Visual Studio 2012\Projects\KGlab2\KGlab2\Debug\link.7216-rc.write.1.tlog
C:\Users\Артем\Documents\Visual Studio 2012\Projects\KGlab2\KGlab2\Debug\link.7216.read.1.tlog
C:\Users\Артем\Documents\Visual Studio 2012\Projects\KGlab2\KGlab2\Debug\link.7216.write.1.tlog
C:\Users\Артем\Documents\Visual Studio 2012\Projects\KGlab2\KGlab2\Debug\link.7316-cvtres.read.1.tlog
C:\Users\Артем\Documents\Visual Studio 2012\Projects\KGlab2\KGlab2\Debug\link.7316-cvtres.write.1.tlog
C:\Users\Артем\Documents\Visual Studio 2012\Projects\KGlab2\KGlab2\Debug\link.7316-rc.read.1.tlog
C:\Users\Артем\Documents\Visual Studio 2012\Projects\KGlab2\KGlab2\Debug\link.7316-rc.write.1.tlog
C:\Users\Артем\Documents\Visual Studio 2012\Projects\KGlab2\KGlab2\Debug\link.7316.read.1.tlog
C:\Users\Артем\Documents\Visual Studio 2012\Projects\KGlab2\KGlab2\Debug\link.7316.write.1.tlog
C:\Users\Артем\Documents\Visual Studio 2012\Projects\KGlab2\KGlab2\Debug\link.732-cvtres.read.1.tlog
C:\Users\Артем\Documents\Visual Studio 2012\Projects\KGlab2\KGlab2\Debug\link.732-cvtres.write.1.tlog
C:\Users\Артем\Documents\Visual Studio 2012\Projects\KGlab2\KGlab2\Debug\link.732-rc.read.1.tlog
C:\Users\Артем\Documents\Visual Studio 2012\Projects\KGlab2\KGlab2\Debug\link.732-rc.write.1.tlog
C:\Users\Артем\Documents\Visual Studio 2012\Projects\KGlab2\KGlab2\Debug\link.732.read.1.tlog
C:\Users\Артем\Documents\Visual Studio 2012\Projects\KGlab2\KGlab2\Debug\link.732.write.1.tlog
C:\Users\Артем\Documents\Visual Studio 2012\Projects\KGlab2\KGlab2\Debug\link.7636-cvtres.read.1.tlog
C:\Users\Артем\Documents\Visual Studio 2012\Projects\KGlab2\KGlab2\Debug\link.7636-cvtres.write.1.tlog
C:\Users\Артем\Documents\Visual Studio 2012\Projects\KGlab2\KGlab2\Debug\link.7636-rc.read.1.tlog
C:\Users\Артем\Documents\Visual Studio 2012\Projects\KGlab2\KGlab2\Debug\link.7636-rc.write.1.tlog
C:\Users\Артем\Documents\Visual Studio 2012\Projects\KGlab2\KGlab2\Debug\link.7636.read.1.tlog
C:\Users\Артем\Documents\Visual Studio 2012\Projects\KGlab2\KGlab2\Debug\link.7636.write.1.tlog
C:\Users\Артем\Documents\Visual Studio 2012\Projects\KGlab2\KGlab2\Debug\link.7656-cvtres.read.1.tlog
C:\Users\Артем\Documents\Visual Studio 2012\Projects\KGlab2\KGlab2\Debug\link.7656-cvtres.write.1.tlog
C:\Users\Артем\Documents\Visual Studio 2012\Projects\KGlab2\KGlab2\Debug\link.7656-rc.read.1.tlog
C:\Users\Артем\Documents\Visual Studio 2012\Projects\KGlab2\KGlab2\Debug\link.7656-rc.write.1.tlog
C:\Users\Артем\Documents\Visual Studio 2012\Projects\KGlab2\KGlab2\Debug\link.7656.read.1.tlog
C:\Users\Артем\Documents\Visual Studio 2012\Projects\KGlab2\KGlab2\Debug\link.7656.write.1.tlog
C:\Users\Артем\Documents\Visual Studio 2012\Projects\KGlab2\KGlab2\Debug\link.8004-cvtres.read.1.tlog
C:\Users\Артем\Documents\Visual Studio 2012\Projects\KGlab2\KGlab2\Debug\link.8004-cvtres.write.1.tlog
C:\Users\Артем\Documents\Visual Studio 2012\Projects\KGlab2\KGlab2\Debug\link.8004-rc.read.1.tlog
C:\Users\Артем\Documents\Visual Studio 2012\Projects\KGlab2\KGlab2\Debug\link.8004-rc.write.1.tlog
C:\Users\Артем\Documents\Visual Studio 2012\Projects\KGlab2\KGlab2\Debug\link.8004.read.1.tlog
C:\Users\Артем\Documents\Visual Studio 2012\Projects\KGlab2\KGlab2\Debug\link.8004.write.1.tlog
C:\Users\Артем\Documents\Visual Studio 2012\Projects\KGlab2\KGlab2\Debug\link.8160-cvtres.read.1.tlog
C:\Users\Артем\Documents\Visual Studio 2012\Projects\KGlab2\KGlab2\Debug\link.8160-cvtres.write.1.tlog
C:\Users\Артем\Documents\Visual Studio 2012\Projects\KGlab2\KGlab2\Debug\link.8160-rc.read.1.tlog
C:\Users\Артем\Documents\Visual Studio 2012\Projects\KGlab2\KGlab2\Debug\link.8160-rc.write.1.tlog
C:\Users\Артем\Documents\Visual Studio 2012\Projects\KGlab2\KGlab2\Debug\link.8160.read.1.tlog
C:\Users\Артем\Documents\Visual Studio 2012\Projects\KGlab2\KGlab2\Debug\link.8160.write.1.tlog
C:\Users\Артем\Documents\Visual Studio 2012\Projects\KGlab2\KGlab2\Debug\link.8432-cvtres.read.1.tlog
C:\Users\Артем\Documents\Visual Studio 2012\Projects\KGlab2\KGlab2\Debug\link.8432-cvtres.write.1.tlog
C:\Users\Артем\Documents\Visual Studio 2012\Projects\KGlab2\KGlab2\Debug\link.8432-rc.read.1.tlog
C:\Users\Артем\Documents\Visual Studio 2012\Projects\KGlab2\KGlab2\Debug\link.8432-rc.write.1.tlog
C:\Users\Артем\Documents\Visual Studio 2012\Projects\KGlab2\KGlab2\Debug\link.8432.read.1.tlog
C:\Users\Артем\Documents\Visual Studio 2012\Projects\KGlab2\KGlab2\Debug\link.8432.write.1.tlog
C:\Users\Артем\Documents\Visual Studio 2012\Projects\KGlab2\KGlab2\Debug\link.8448-cvtres.read.1.tlog
C:\Users\Артем\Documents\Visual Studio 2012\Projects\KGlab2\KGlab2\Debug\link.8448-cvtres.write.1.tlog
C:\Users\Артем\Documents\Visual Studio 2012\Projects\KGlab2\KGlab2\Debug\link.8448-rc.read.1.tlog
C:\Users\Артем\Documents\Visual Studio 2012\Projects\KGlab2\KGlab2\Debug\link.8448-rc.write.1.tlog
C:\Users\Артем\Documents\Visual Studio 2012\Projects\KGlab2\KGlab2\Debug\link.8448.read.1.tlog
C:\Users\Артем\Documents\Visual Studio 2012\Projects\KGlab2\KGlab2\Debug\link.8448.write.1.tlog
C:\Users\Артем\Documents\Visual Studio 2012\Projects\KGlab2\KGlab2\Debug\link.8480-cvtres.read.1.tlog
C:\Users\Артем\Documents\Visual Studio 2012\Projects\KGlab2\KGlab2\Debug\link.8480-cvtres.write.1.tlog
C:\Users\Артем\Documents\Visual Studio 2012\Projects\KGlab2\KGlab2\Debug\link.8480-rc.read.1.tlog
C:\Users\Артем\Documents\Visual Studio 2012\Projects\KGlab2\KGlab2\Debug\link.8480-rc.write.1.tlog
C:\Users\Артем\Documents\Visual Studio 2012\Projects\KGlab2\KGlab2\Debug\link.8480.read.1.tlog
C:\Users\Артем\Documents\Visual Studio 2012\Projects\KGlab2\KGlab2\Debug\link.8480.write.1.tlog
C:\Users\Артем\Documents\Visual Studio 2012\Projects\KGlab2\KGlab2\Debug\link.8496-cvtres.read.1.tlog
C:\Users\Артем\Documents\Visual Studio 2012\Projects\KGlab2\KGlab2\Debug\link.8496-cvtres.write.1.tlog
C:\Users\Артем\Documents\Visual Studio 2012\Projects\KGlab2\KGlab2\Debug\link.8496-rc.read.1.tlog
C:\Users\Артем\Documents\Visual Studio 2012\Projects\KGlab2\KGlab2\Debug\link.8496-rc.write.1.tlog
C:\Users\Артем\Documents\Visual Studio 2012\Projects\KGlab2\KGlab2\Debug\link.8496.read.1.tlog
C:\Users\Артем\Documents\Visual Studio 2012\Projects\KGlab2\KGlab2\Debug\link.8496.write.1.tlog
C:\Users\Артем\Documents\Visual Studio 2012\Projects\KGlab2\KGlab2\Debug\link.8504-cvtres.read.1.tlog
C:\Users\Артем\Documents\Visual Studio 2012\Projects\KGlab2\KGlab2\Debug\link.8504-cvtres.write.1.tlog
C:\Users\Артем\Documents\Visual Studio 2012\Projects\KGlab2\KGlab2\Debug\link.8504-rc.read.1.tlog
C:\Users\Артем\Documents\Visual Studio 2012\Projects\KGlab2\KGlab2\Debug\link.8504-rc.write.1.tlog
C:\Users\Артем\Documents\Visual Studio 2012\Projects\KGlab2\KGlab2\Debug\link.8504.read.1.tlog
C:\Users\Артем\Documents\Visual Studio 2012\Projects\KGlab2\KGlab2\Debug\link.8504.write.1.tlog
C:\Users\Артем\Documents\Visual Studio 2012\Projects\KGlab2\KGlab2\Debug\link.8512-cvtres.read.1.tlog
C:\Users\Артем\Documents\Visual Studio 2012\Projects\KGlab2\KGlab2\Debug\link.8512-cvtres.write.1.tlog
C:\Users\Артем\Documents\Visual Studio 2012\Projects\KGlab2\KGlab2\Debug\link.8512-rc.read.1.tlog
C:\Users\Артем\Documents\Visual Studio 2012\Projects\KGlab2\KGlab2\Debug\link.8512-rc.write.1.tlog
C:\Users\Артем\Documents\Visual Studio 2012\Projects\KGlab2\KGlab2\Debug\link.8512.read.1.tlog
C:\Users\Артем\Documents\Visual Studio 2012\Projects\KGlab2\KGlab2\Debug\link.8512.write.1.tlog
C:\Users\Артем\Documents\Visual Studio 2012\Projects\KGlab2\KGlab2\Debug\link.8548-cvtres.read.1.tlog
C:\Users\Артем\Documents\Visual Studio 2012\Projects\KGlab2\KGlab2\Debug\link.8548-cvtres.write.1.tlog
C:\Users\Артем\Documents\Visual Studio 2012\Projects\KGlab2\KGlab2\Debug\link.8548-rc.read.1.tlog
C:\Users\Артем\Documents\Visual Studio 2012\Projects\KGlab2\KGlab2\Debug\link.8548-rc.write.1.tlog
C:\Users\Артем\Documents\Visual Studio 2012\Projects\KGlab2\KGlab2\Debug\link.8548.read.1.tlog
C:\Users\Артем\Documents\Visual Studio 2012\Projects\KGlab2\KGlab2\Debug\link.8548.write.1.tlog
C:\Users\Артем\Documents\Visual Studio 2012\Projects\KGlab2\KGlab2\Debug\link.8624-cvtres.read.1.tlog
C:\Users\Артем\Documents\Visual Studio 2012\Projects\KGlab2\KGlab2\Debug\link.8624-cvtres.write.1.tlog
C:\Users\Артем\Documents\Visual Studio 2012\Projects\KGlab2\KGlab2\Debug\link.8624-rc.read.1.tlog
C:\Users\Артем\Documents\Visual Studio 2012\Projects\KGlab2\KGlab2\Debug\link.8624-rc.write.1.tlog
C:\Users\Артем\Documents\Visual Studio 2012\Projects\KGlab2\KGlab2\Debug\link.8624.read.1.tlog
C:\Users\Артем\Documents\Visual Studio 2012\Projects\KGlab2\KGlab2\Debug\link.8624.write.1.tlog
C:\Users\Артем\Documents\Visual Studio 2012\Projects\KGlab2\KGlab2\Debug\link.8668-cvtres.read.1.tlog
C:\Users\Артем\Documents\Visual Studio 2012\Projects\KGlab2\KGlab2\Debug\link.8668-cvtres.write.1.tlog
C:\Users\Артем\Documents\Visual Studio 2012\Projects\KGlab2\KGlab2\Debug\link.8668-rc.read.1.tlog
C:\Users\Артем\Documents\Visual Studio 2012\Projects\KGlab2\KGlab2\Debug\link.8668-rc.write.1.tlog
C:\Users\Артем\Documents\Visual Studio 2012\Projects\KGlab2\KGlab2\Debug\link.8668.read.1.tlog
C:\Users\Артем\Documents\Visual Studio 2012\Projects\KGlab2\KGlab2\Debug\link.8668.write.1.tlog
C:\Users\Артем\Documents\Visual Studio 2012\Projects\KGlab2\KGlab2\Debug\link.8676-cvtres.read.1.tlog
C:\Users\Артем\Documents\Visual Studio 2012\Projects\KGlab2\KGlab2\Debug\link.8676-cvtres.write.1.tlog
C:\Users\Артем\Documents\Visual Studio 2012\Projects\KGlab2\KGlab2\Debug\link.8676-rc.read.1.tlog
C:\Users\Артем\Documents\Visual Studio 2012\Projects\KGlab2\KGlab2\Debug\link.8676-rc.write.1.tlog
C:\Users\Артем\Documents\Visual Studio 2012\Projects\KGlab2\KGlab2\Debug\link.8676.read.1.tlog
C:\Users\Артем\Documents\Visual Studio 2012\Projects\KGlab2\KGlab2\Debug\link.8676.write.1.tlog
C:\Users\Артем\Documents\Visual Studio 2012\Projects\KGlab2\KGlab2\Debug\link.8724-cvtres.read.1.tlog
C:\Users\Артем\Documents\Visual Studio 2012\Projects\KGlab2\KGlab2\Debug\link.8724-cvtres.write.1.tlog
C:\Users\Артем\Documents\Visual Studio 2012\Projects\KGlab2\KGlab2\Debug\link.8724-rc.read.1.tlog
C:\Users\Артем\Documents\Visual Studio 2012\Projects\KGlab2\KGlab2\Debug\link.8724-rc.write.1.tlog
C:\Users\Артем\Documents\Visual Studio 2012\Projects\KGlab2\KGlab2\Debug\link.8724.read.1.tlog
C:\Users\Артем\Documents\Visual Studio 2012\Projects\KGlab2\KGlab2\Debug\link.8724.write.1.tlog
C:\Users\Артем\Documents\Visual Studio 2012\Projects\KGlab2\KGlab2\Debug\link.900-cvtres.read.1.tlog
C:\Users\Артем\Documents\Visual Studio 2012\Projects\KGlab2\KGlab2\Debug\link.900-cvtres.write.1.tlog
C:\Users\Артем\Documents\Visual Studio 2012\Projects\KGlab2\KGlab2\Debug\link.900-rc.read.1.tlog
C:\Users\Артем\Documents\Visual Studio 2012\Projects\KGlab2\KGlab2\Debug\link.900-rc.write.1.tlog
C:\Users\Артем\Documents\Visual Studio 2012\Projects\KGlab2\KGlab2\Debug\link.900.read.1.tlog
C:\Users\Артем\Documents\Visual Studio 2012\Projects\KGlab2\KGlab2\Debug\link.900.write.1.tlog
C:\Users\Артем\Documents\Visual Studio 2012\Projects\KGlab2\KGlab2\Debug\link.9004-cvtres.read.1.tlog
C:\Users\Артем\Documents\Visual Studio 2012\Projects\KGlab2\KGlab2\Debug\link.9004-cvtres.write.1.tlog
C:\Users\Артем\Documents\Visual Studio 2012\Projects\KGlab2\KGlab2\Debug\link.9004-rc.read.1.tlog
C:\Users\Артем\Documents\Visual Studio 2012\Projects\KGlab2\KGlab2\Debug\link.9004-rc.write.1.tlog
C:\Users\Артем\Documents\Visual Studio 2012\Projects\KGlab2\KGlab2\Debug\link.9004.read.1.tlog
C:\Users\Артем\Documents\Visual Studio 2012\Projects\KGlab2\KGlab2\Debug\link.9004.write.1.tlog
C:\Users\Артем\Documents\Visual Studio 2012\Projects\KGlab2\KGlab2\Debug\link.9024-cvtres.read.1.tlog
C:\Users\Артем\Documents\Visual Studio 2012\Projects\KGlab2\KGlab2\Debug\link.9024-cvtres.write.1.tlog
C:\Users\Артем\Documents\Visual Studio 2012\Projects\KGlab2\KGlab2\Debug\link.9024-rc.read.1.tlog
C:\Users\Артем\Documents\Visual Studio 2012\Projects\KGlab2\KGlab2\Debug\link.9024-rc.write.1.tlog
C:\Users\Артем\Documents\Visual Studio 2012\Projects\KGlab2\KGlab2\Debug\link.9024.read.1.tlog
C:\Users\Артем\Documents\Visual Studio 2012\Projects\KGlab2\KGlab2\Debug\link.9024.write.1.tlog
C:\Users\Артем\Documents\Visual Studio 2012\Projects\KGlab2\KGlab2\Debug\link.9200-cvtres.read.1.tlog
C:\Users\Артем\Documents\Visual Studio 2012\Projects\KGlab2\KGlab2\Debug\link.9200-cvtres.write.1.tlog
C:\Users\Артем\Documents\Visual Studio 2012\Projects\KGlab2\KGlab2\Debug\link.9200-rc.read.1.tlog
C:\Users\Артем\Documents\Visual Studio 2012\Projects\KGlab2\KGlab2\Debug\link.9200-rc.write.1.tlog
C:\Users\Артем\Documents\Visual Studio 2012\Projects\KGlab2\KGlab2\Debug\link.9200.read.1.tlog
C:\Users\Артем\Documents\Visual Studio 2012\Projects\KGlab2\KGlab2\Debug\link.9200.write.1.tlog
C:\Users\Артем\Documents\Visual Studio 2012\Projects\KGlab2\KGlab2\Debug\link.9328-cvtres.read.1.tlog
C:\Users\Артем\Documents\Visual Studio 2012\Projects\KGlab2\KGlab2\Debug\link.9328-cvtres.write.1.tlog
C:\Users\Артем\Documents\Visual Studio 2012\Projects\KGlab2\KGlab2\Debug\link.9328-rc.read.1.tlog
C:\Users\Артем\Documents\Visual Studio 2012\Projects\KGlab2\KGlab2\Debug\link.9328-rc.write.1.tlog
C:\Users\Артем\Documents\Visual Studio 2012\Projects\KGlab2\KGlab2\Debug\link.9328.read.1.tlog
C:\Users\Артем\Documents\Visual Studio 2012\Projects\KGlab2\KGlab2\Debug\link.9328.write.1.tlog
C:\Users\Артем\Documents\Visual Studio 2012\Projects\KGlab2\KGlab2\Debug\link.9416-cvtres.read.1.tlog
C:\Users\Артем\Documents\Visual Studio 2012\Projects\KGlab2\KGlab2\Debug\link.9416-cvtres.write.1.tlog
C:\Users\Артем\Documents\Visual Studio 2012\Projects\KGlab2\KGlab2\Debug\link.9416-rc.read.1.tlog
C:\Users\Артем\Documents\Visual Studio 2012\Projects\KGlab2\KGlab2\Debug\link.9416-rc.write.1.tlog
C:\Users\Артем\Documents\Visual Studio 2012\Projects\KGlab2\KGlab2\Debug\link.9416.read.1.tlog
C:\Users\Артем\Documents\Visual Studio 2012\Projects\KGlab2\KGlab2\Debug\link.9416.write.1.tlog
C:\Users\Артем\Documents\Visual Studio 2012\Projects\KGlab2\KGlab2\Debug\link.9424-cvtres.read.1.tlog
C:\Users\Артем\Documents\Visual Studio 2012\Projects\KGlab2\KGlab2\Debug\link.9424-cvtres.write.1.tlog
C:\Users\Артем\Documents\Visual Studio 2012\Projects\KGlab2\KGlab2\Debug\link.9424-rc.read.1.tlog
C:\Users\Артем\Documents\Visual Studio 2012\Projects\KGlab2\KGlab2\Debug\link.9424-rc.write.1.tlog
C:\Users\Артем\Documents\Visual Studio 2012\Projects\KGlab2\KGlab2\Debug\link.9424.read.1.tlog
C:\Users\Артем\Documents\Visual Studio 2012\Projects\KGlab2\KGlab2\Debug\link.9424.write.1.tlog
C:\Users\Артем\Documents\Visual Studio 2012\Projects\KGlab2\KGlab2\Debug\link.9448-cvtres.read.1.tlog
C:\Users\Артем\Documents\Visual Studio 2012\Projects\KGlab2\KGlab2\Debug\link.9448-cvtres.write.1.tlog
C:\Users\Артем\Documents\Visual Studio 2012\Projects\KGlab2\KGlab2\Debug\link.9448-rc.read.1.tlog
C:\Users\Артем\Documents\Visual Studio 2012\Projects\KGlab2\KGlab2\Debug\link.9448-rc.write.1.tlog
C:\Users\Артем\Documents\Visual Studio 2012\Projects\KGlab2\KGlab2\Debug\link.9448.read.1.tlog
C:\Users\Артем\Documents\Visual Studio 2012\Projects\KGlab2\KGlab2\Debug\link.9448.write.1.tlog
C:\Users\Артем\Documents\Visual Studio 2012\Projects\KGlab2\KGlab2\Debug\link.9464-cvtres.read.1.tlog
C:\Users\Артем\Documents\Visual Studio 2012\Projects\KGlab2\KGlab2\Debug\link.9464-cvtres.write.1.tlog
C:\Users\Артем\Documents\Visual Studio 2012\Projects\KGlab2\KGlab2\Debug\link.9464-rc.read.1.tlog
C:\Users\Артем\Documents\Visual Studio 2012\Projects\KGlab2\KGlab2\Debug\link.9464-rc.write.1.tlog
C:\Users\Артем\Documents\Visual Studio 2012\Projects\KGlab2\KGlab2\Debug\link.9464.read.1.tlog
C:\Users\Артем\Documents\Visual Studio 2012\Projects\KGlab2\KGlab2\Debug\link.9464.write.1.tlog
C:\Users\Артем\Documents\Visual Studio 2012\Projects\KGlab2\KGlab2\Debug\link.9576-cvtres.read.1.tlog
C:\Users\Артем\Documents\Visual Studio 2012\Projects\KGlab2\KGlab2\Debug\link.9576-cvtres.write.1.tlog
C:\Users\Артем\Documents\Visual Studio 2012\Projects\KGlab2\KGlab2\Debug\link.9576-rc.read.1.tlog
C:\Users\Артем\Documents\Visual Studio 2012\Projects\KGlab2\KGlab2\Debug\link.9576-rc.write.1.tlog
C:\Users\Артем\Documents\Visual Studio 2012\Projects\KGlab2\KGlab2\Debug\link.9576.read.1.tlog
C:\Users\Артем\Documents\Visual Studio 2012\Projects\KGlab2\KGlab2\Debug\link.9576.write.1.tlog
C:\Users\Артем\Documents\Visual Studio 2012\Projects\KGlab2\KGlab2\Debug\link.9584-cvtres.read.1.tlog
C:\Users\Артем\Documents\Visual Studio 2012\Projects\KGlab2\KGlab2\Debug\link.9584-cvtres.write.1.tlog
C:\Users\Артем\Documents\Visual Studio 2012\Projects\KGlab2\KGlab2\Debug\link.9584-rc.read.1.tlog
C:\Users\Артем\Documents\Visual Studio 2012\Projects\KGlab2\KGlab2\Debug\link.9584-rc.write.1.tlog
C:\Users\Артем\Documents\Visual Studio 2012\Projects\KGlab2\KGlab2\Debug\link.9584.read.1.tlog
C:\Users\Артем\Documents\Visual Studio 2012\Projects\KGlab2\KGlab2\Debug\link.9584.write.1.tlog
C:\Users\Артем\Documents\Visual Studio 2012\Projects\KGlab2\KGlab2\Debug\link.9780-cvtres.read.1.tlog
C:\Users\Артем\Documents\Visual Studio 2012\Projects\KGlab2\KGlab2\Debug\link.9780-cvtres.write.1.tlog
C:\Users\Артем\Documents\Visual Studio 2012\Projects\KGlab2\KGlab2\Debug\link.9780-rc.read.1.tlog
C:\Users\Артем\Documents\Visual Studio 2012\Projects\KGlab2\KGlab2\Debug\link.9780-rc.write.1.tlog
C:\Users\Артем\Documents\Visual Studio 2012\Projects\KGlab2\KGlab2\Debug\link.9780.read.1.tlog
C:\Users\Артем\Documents\Visual Studio 2012\Projects\KGlab2\KGlab2\Debug\link.9780.write.1.tlog
C:\Users\Артем\Documents\Visual Studio 2012\Projects\KGlab2\KGlab2\Debug\link.9792-cvtres.read.1.tlog
C:\Users\Артем\Documents\Visual Studio 2012\Projects\KGlab2\KGlab2\Debug\link.9792-cvtres.write.1.tlog
C:\Users\Артем\Documents\Visual Studio 2012\Projects\KGlab2\KGlab2\Debug\link.9792-rc.read.1.tlog
C:\Users\Артем\Documents\Visual Studio 2012\Projects\KGlab2\KGlab2\Debug\link.9792-rc.write.1.tlog
C:\Users\Артем\Documents\Visual Studio 2012\Projects\KGlab2\KGlab2\Debug\link.9792.read.1.tlog
C:\Users\Артем\Documents\Visual Studio 2012\Projects\KGlab2\KGlab2\Debug\link.9792.write.1.tlog
C:\Users\Артем\Documents\Visual Studio 2012\Projects\KGlab2\KGlab2\Debug\link.9816-cvtres.read.1.tlog
C:\Users\Артем\Documents\Visual Studio 2012\Projects\KGlab2\KGlab2\Debug\link.9816-cvtres.write.1.tlog
C:\Users\Артем\Documents\Visual Studio 2012\Projects\KGlab2\KGlab2\Debug\link.9816-rc.read.1.tlog
C:\Users\Артем\Documents\Visual Studio 2012\Projects\KGlab2\KGlab2\Debug\link.9816-rc.write.1.tlog
C:\Users\Артем\Documents\Visual Studio 2012\Projects\KGlab2\KGlab2\Debug\link.9816.read.1.tlog
C:\Users\Артем\Documents\Visual Studio 2012\Projects\KGlab2\KGlab2\Debug\link.9816.write.1.tlog
C:\Users\Артем\Documents\Visual Studio 2012\Projects\KGlab2\KGlab2\Debug\link.9972-cvtres.read.1.tlog
C:\Users\Артем\Documents\Visual Studio 2012\Projects\KGlab2\KGlab2\Debug\link.9972-cvtres.write.1.tlog
C:\Users\Артем\Documents\Visual Studio 2012\Projects\KGlab2\KGlab2\Debug\link.9972-rc.read.1.tlog
C:\Users\Артем\Documents\Visual Studio 2012\Projects\KGlab2\KGlab2\Debug\link.9972-rc.write.1.tlog
C:\Users\Артем\Documents\Visual Studio 2012\Projects\KGlab2\KGlab2\Debug\link.9972.read.1.tlog
C:\Users\Артем\Documents\Visual Studio 2012\Projects\KGlab2\KGlab2\Debug\link.9972.write.1.tlog
C:\Users\Артем\Documents\Visual Studio 2012\Projects\KGlab2\KGlab2\Debug\link.9988-cvtres.read.1.tlog
C:\Users\Артем\Documents\Visual Studio 2012\Projects\KGlab2\KGlab2\Debug\link.9988-cvtres.write.1.tlog
C:\Users\Артем\Documents\Visual Studio 2012\Projects\KGlab2\KGlab2\Debug\link.9988-rc.read.1.tlog
C:\Users\Артем\Documents\Visual Studio 2012\Projects\KGlab2\KGlab2\Debug\link.9988-rc.write.1.tlog
C:\Users\Артем\Documents\Visual Studio 2012\Projects\KGlab2\KGlab2\Debug\link.9988.read.1.tlog
C:\Users\Артем\Documents\Visual Studio 2012\Projects\KGlab2\KGlab2\Debug\link.9988.write.1.tlog
C:\Users\Артем\Documents\Visual Studio 2012\Projects\KGlab2\KGlab2\Debug\link.command.1.tlog
C:\Users\Артем\Documents\Visual Studio 2012\Projects\KGlab2\KGlab2\Debug\link.read.1.tlog
C:\Users\Артем\Documents\Visual Studio 2012\Projects\KGlab2\KGlab2\Debug\link.write.1.tlog
C:\Users\Артем\Documents\Visual Studio 2012\Projects\KGlab2\KGlab2\Debug\metagen.read.1.tlog
C:\Users\Артем\Documents\Visual Studio 2012\Projects\KGlab2\KGlab2\Debug\metagen.write.1.tlog
C:\Users\Артем\Documents\Visual Studio 2012\Projects\KGlab2\KGlab2\Debug\vc110.pdb
C:\Users\Артем\Documents\Visual Studio 2012\Projects\KGlab2\KGlab2\Debug\RSAENH.DLL.bi
C:\Users\Артем\Documents\Visual Studio 2012\Projects\KGlab2\KGlab2\Debug\TZRES.DLL.bi
C:\Users\Артем\Documents\Visual Studio 2012\Projects\KGlab2\Debug\KGlab2.pdb
C:\Users\Артем\Documents\Visual Studio 2012\Projects\KGlab2\Debug\KGlab2.exe
C:\Users\Артем\Documents\Visual Studio 2012\Projects\KGlab2\Debug\KGlab2.ilk
